

Started GET "/" for 127.0.0.1 at 2013-12-07 14:40:30 -0700
  [1m[36mActiveRecord::SchemaMigration Load (76.3ms)[0m  [1mSELECT "schema_migrations".* FROM "schema_migrations"[0m
Processing by DropboxController#index as HTML
  Rendered dropbox/index.html within layouts/application (1.6ms)
Completed 200 OK in 681ms (Views: 662.2ms | ActiveRecord: 0.0ms)


Started GET "/stylesheets/application.css" for 127.0.0.1 at 2013-12-07 14:40:33 -0700

ActionController::RoutingError (No route matches [GET] "/stylesheets/application.css"):
  actionpack (4.0.1) lib/action_dispatch/middleware/debug_exceptions.rb:21:in `call'
  actionpack (4.0.1) lib/action_dispatch/middleware/show_exceptions.rb:30:in `call'
  railties (4.0.1) lib/rails/rack/logger.rb:38:in `call_app'
  railties (4.0.1) lib/rails/rack/logger.rb:20:in `block in call'
  activesupport (4.0.1) lib/active_support/tagged_logging.rb:67:in `block in tagged'
  activesupport (4.0.1) lib/active_support/tagged_logging.rb:25:in `tagged'
  activesupport (4.0.1) lib/active_support/tagged_logging.rb:67:in `tagged'
  railties (4.0.1) lib/rails/rack/logger.rb:20:in `call'
  actionpack (4.0.1) lib/action_dispatch/middleware/request_id.rb:21:in `call'
  rack (1.5.2) lib/rack/methodoverride.rb:21:in `call'
  rack (1.5.2) lib/rack/runtime.rb:17:in `call'
  activesupport (4.0.1) lib/active_support/cache/strategy/local_cache.rb:83:in `call'
  rack (1.5.2) lib/rack/lock.rb:17:in `call'
  actionpack (4.0.1) lib/action_dispatch/middleware/static.rb:64:in `call'
  rack (1.5.2) lib/rack/sendfile.rb:112:in `call'
  railties (4.0.1) lib/rails/engine.rb:511:in `call'
  railties (4.0.1) lib/rails/application.rb:97:in `call'
  rack (1.5.2) lib/rack/lock.rb:17:in `call'
  rack (1.5.2) lib/rack/content_length.rb:14:in `call'
  rack (1.5.2) lib/rack/handler/webrick.rb:60:in `service'
  /Users/Cole/.rbenv/versions/2.0.0-p247/lib/ruby/2.0.0/webrick/httpserver.rb:138:in `service'
  /Users/Cole/.rbenv/versions/2.0.0-p247/lib/ruby/2.0.0/webrick/httpserver.rb:94:in `run'
  /Users/Cole/.rbenv/versions/2.0.0-p247/lib/ruby/2.0.0/webrick/server.rb:295:in `block in start_thread'


  Rendered /Users/Cole/.rbenv/versions/2.0.0-p247/lib/ruby/gems/2.0.0/gems/actionpack-4.0.1/lib/action_dispatch/middleware/templates/rescues/_trace.erb (1.2ms)
  Rendered /Users/Cole/.rbenv/versions/2.0.0-p247/lib/ruby/gems/2.0.0/gems/actionpack-4.0.1/lib/action_dispatch/middleware/templates/routes/_route.html.erb (1.0ms)
  Rendered /Users/Cole/.rbenv/versions/2.0.0-p247/lib/ruby/gems/2.0.0/gems/actionpack-4.0.1/lib/action_dispatch/middleware/templates/routes/_table.html.erb (6.8ms)
  Rendered /Users/Cole/.rbenv/versions/2.0.0-p247/lib/ruby/gems/2.0.0/gems/actionpack-4.0.1/lib/action_dispatch/middleware/templates/rescues/routing_error.erb within rescues/layout (32.9ms)


Started GET "/assets/jquery.js?body=1" for 127.0.0.1 at 2013-12-07 14:40:33 -0700


Started GET "/assets/bootstrap.min.js?body=1" for 127.0.0.1 at 2013-12-07 14:40:33 -0700


Started GET "/assets/bootstrap.js?body=1" for 127.0.0.1 at 2013-12-07 14:40:33 -0700


Started GET "/assets/turbolinks.js?body=1" for 127.0.0.1 at 2013-12-07 14:40:33 -0700


Started GET "/assets/jquery_ujs.js?body=1" for 127.0.0.1 at 2013-12-07 14:40:33 -0700


Started GET "/assets/dropbox.js?body=1" for 127.0.0.1 at 2013-12-07 14:40:33 -0700


Started GET "/assets/application.js?body=1" for 127.0.0.1 at 2013-12-07 14:40:33 -0700


Started GET "/css/bootstrap.min.css" for 127.0.0.1 at 2013-12-07 14:40:33 -0700

ActionController::RoutingError (No route matches [GET] "/css/bootstrap.min.css"):
  actionpack (4.0.1) lib/action_dispatch/middleware/debug_exceptions.rb:21:in `call'
  actionpack (4.0.1) lib/action_dispatch/middleware/show_exceptions.rb:30:in `call'
  railties (4.0.1) lib/rails/rack/logger.rb:38:in `call_app'
  railties (4.0.1) lib/rails/rack/logger.rb:20:in `block in call'
  activesupport (4.0.1) lib/active_support/tagged_logging.rb:67:in `block in tagged'
  activesupport (4.0.1) lib/active_support/tagged_logging.rb:25:in `tagged'
  activesupport (4.0.1) lib/active_support/tagged_logging.rb:67:in `tagged'
  railties (4.0.1) lib/rails/rack/logger.rb:20:in `call'
  actionpack (4.0.1) lib/action_dispatch/middleware/request_id.rb:21:in `call'
  rack (1.5.2) lib/rack/methodoverride.rb:21:in `call'
  rack (1.5.2) lib/rack/runtime.rb:17:in `call'
  activesupport (4.0.1) lib/active_support/cache/strategy/local_cache.rb:83:in `call'
  rack (1.5.2) lib/rack/lock.rb:17:in `call'
  actionpack (4.0.1) lib/action_dispatch/middleware/static.rb:64:in `call'
  rack (1.5.2) lib/rack/sendfile.rb:112:in `call'
  railties (4.0.1) lib/rails/engine.rb:511:in `call'
  railties (4.0.1) lib/rails/application.rb:97:in `call'
  rack (1.5.2) lib/rack/lock.rb:17:in `call'
  rack (1.5.2) lib/rack/content_length.rb:14:in `call'
  rack (1.5.2) lib/rack/handler/webrick.rb:60:in `service'
  /Users/Cole/.rbenv/versions/2.0.0-p247/lib/ruby/2.0.0/webrick/httpserver.rb:138:in `service'
  /Users/Cole/.rbenv/versions/2.0.0-p247/lib/ruby/2.0.0/webrick/httpserver.rb:94:in `run'
  /Users/Cole/.rbenv/versions/2.0.0-p247/lib/ruby/2.0.0/webrick/server.rb:295:in `block in start_thread'


  Rendered /Users/Cole/.rbenv/versions/2.0.0-p247/lib/ruby/gems/2.0.0/gems/actionpack-4.0.1/lib/action_dispatch/middleware/templates/rescues/_trace.erb (1.1ms)
  Rendered /Users/Cole/.rbenv/versions/2.0.0-p247/lib/ruby/gems/2.0.0/gems/actionpack-4.0.1/lib/action_dispatch/middleware/templates/routes/_route.html.erb (1.4ms)
  Rendered /Users/Cole/.rbenv/versions/2.0.0-p247/lib/ruby/gems/2.0.0/gems/actionpack-4.0.1/lib/action_dispatch/middleware/templates/routes/_table.html.erb (1.1ms)
  Rendered /Users/Cole/.rbenv/versions/2.0.0-p247/lib/ruby/gems/2.0.0/gems/actionpack-4.0.1/lib/action_dispatch/middleware/templates/rescues/routing_error.erb within rescues/layout (20.6ms)


Started GET "/css/bootstrap-theme.min.css" for 127.0.0.1 at 2013-12-07 14:40:33 -0700

ActionController::RoutingError (No route matches [GET] "/css/bootstrap-theme.min.css"):
  actionpack (4.0.1) lib/action_dispatch/middleware/debug_exceptions.rb:21:in `call'
  actionpack (4.0.1) lib/action_dispatch/middleware/show_exceptions.rb:30:in `call'
  railties (4.0.1) lib/rails/rack/logger.rb:38:in `call_app'
  railties (4.0.1) lib/rails/rack/logger.rb:20:in `block in call'
  activesupport (4.0.1) lib/active_support/tagged_logging.rb:67:in `block in tagged'
  activesupport (4.0.1) lib/active_support/tagged_logging.rb:25:in `tagged'
  activesupport (4.0.1) lib/active_support/tagged_logging.rb:67:in `tagged'
  railties (4.0.1) lib/rails/rack/logger.rb:20:in `call'
  actionpack (4.0.1) lib/action_dispatch/middleware/request_id.rb:21:in `call'
  rack (1.5.2) lib/rack/methodoverride.rb:21:in `call'
  rack (1.5.2) lib/rack/runtime.rb:17:in `call'
  activesupport (4.0.1) lib/active_support/cache/strategy/local_cache.rb:83:in `call'
  rack (1.5.2) lib/rack/lock.rb:17:in `call'
  actionpack (4.0.1) lib/action_dispatch/middleware/static.rb:64:in `call'
  rack (1.5.2) lib/rack/sendfile.rb:112:in `call'
  railties (4.0.1) lib/rails/engine.rb:511:in `call'
  railties (4.0.1) lib/rails/application.rb:97:in `call'
  rack (1.5.2) lib/rack/lock.rb:17:in `call'
  rack (1.5.2) lib/rack/content_length.rb:14:in `call'
  rack (1.5.2) lib/rack/handler/webrick.rb:60:in `service'
  /Users/Cole/.rbenv/versions/2.0.0-p247/lib/ruby/2.0.0/webrick/httpserver.rb:138:in `service'
  /Users/Cole/.rbenv/versions/2.0.0-p247/lib/ruby/2.0.0/webrick/httpserver.rb:94:in `run'
  /Users/Cole/.rbenv/versions/2.0.0-p247/lib/ruby/2.0.0/webrick/server.rb:295:in `block in start_thread'


  Rendered /Users/Cole/.rbenv/versions/2.0.0-p247/lib/ruby/gems/2.0.0/gems/actionpack-4.0.1/lib/action_dispatch/middleware/templates/rescues/_trace.erb (0.9ms)
  Rendered /Users/Cole/.rbenv/versions/2.0.0-p247/lib/ruby/gems/2.0.0/gems/actionpack-4.0.1/lib/action_dispatch/middleware/templates/routes/_route.html.erb (24.0ms)
  Rendered /Users/Cole/.rbenv/versions/2.0.0-p247/lib/ruby/gems/2.0.0/gems/actionpack-4.0.1/lib/action_dispatch/middleware/templates/routes/_table.html.erb (1.0ms)
  Rendered /Users/Cole/.rbenv/versions/2.0.0-p247/lib/ruby/gems/2.0.0/gems/actionpack-4.0.1/lib/action_dispatch/middleware/templates/rescues/routing_error.erb within rescues/layout (39.4ms)


Started GET "/js/bootstrap.min.js" for 127.0.0.1 at 2013-12-07 14:40:34 -0700

ActionController::RoutingError (No route matches [GET] "/js/bootstrap.min.js"):
  actionpack (4.0.1) lib/action_dispatch/middleware/debug_exceptions.rb:21:in `call'
  actionpack (4.0.1) lib/action_dispatch/middleware/show_exceptions.rb:30:in `call'
  railties (4.0.1) lib/rails/rack/logger.rb:38:in `call_app'
  railties (4.0.1) lib/rails/rack/logger.rb:20:in `block in call'
  activesupport (4.0.1) lib/active_support/tagged_logging.rb:67:in `block in tagged'
  activesupport (4.0.1) lib/active_support/tagged_logging.rb:25:in `tagged'
  activesupport (4.0.1) lib/active_support/tagged_logging.rb:67:in `tagged'
  railties (4.0.1) lib/rails/rack/logger.rb:20:in `call'
  actionpack (4.0.1) lib/action_dispatch/middleware/request_id.rb:21:in `call'
  rack (1.5.2) lib/rack/methodoverride.rb:21:in `call'
  rack (1.5.2) lib/rack/runtime.rb:17:in `call'
  activesupport (4.0.1) lib/active_support/cache/strategy/local_cache.rb:83:in `call'
  rack (1.5.2) lib/rack/lock.rb:17:in `call'
  actionpack (4.0.1) lib/action_dispatch/middleware/static.rb:64:in `call'
  rack (1.5.2) lib/rack/sendfile.rb:112:in `call'
  railties (4.0.1) lib/rails/engine.rb:511:in `call'
  railties (4.0.1) lib/rails/application.rb:97:in `call'
  rack (1.5.2) lib/rack/lock.rb:17:in `call'
  rack (1.5.2) lib/rack/content_length.rb:14:in `call'
  rack (1.5.2) lib/rack/handler/webrick.rb:60:in `service'
  /Users/Cole/.rbenv/versions/2.0.0-p247/lib/ruby/2.0.0/webrick/httpserver.rb:138:in `service'
  /Users/Cole/.rbenv/versions/2.0.0-p247/lib/ruby/2.0.0/webrick/httpserver.rb:94:in `run'
  /Users/Cole/.rbenv/versions/2.0.0-p247/lib/ruby/2.0.0/webrick/server.rb:295:in `block in start_thread'


  Rendered /Users/Cole/.rbenv/versions/2.0.0-p247/lib/ruby/gems/2.0.0/gems/actionpack-4.0.1/lib/action_dispatch/middleware/templates/rescues/_trace.erb (1.1ms)
  Rendered /Users/Cole/.rbenv/versions/2.0.0-p247/lib/ruby/gems/2.0.0/gems/actionpack-4.0.1/lib/action_dispatch/middleware/templates/routes/_route.html.erb (0.8ms)
  Rendered /Users/Cole/.rbenv/versions/2.0.0-p247/lib/ruby/gems/2.0.0/gems/actionpack-4.0.1/lib/action_dispatch/middleware/templates/routes/_table.html.erb (1.2ms)
  Rendered /Users/Cole/.rbenv/versions/2.0.0-p247/lib/ruby/gems/2.0.0/gems/actionpack-4.0.1/lib/action_dispatch/middleware/templates/rescues/routing_error.erb within rescues/layout (18.6ms)


Started GET "/Users/Cole/Desktop/Dropbox/app/views/bootstrap/shared.html" for 127.0.0.1 at 2013-12-07 14:40:59 -0700

ActionController::RoutingError (No route matches [GET] "/Users/Cole/Desktop/Dropbox/app/views/bootstrap/shared.html"):
  actionpack (4.0.1) lib/action_dispatch/middleware/debug_exceptions.rb:21:in `call'
  actionpack (4.0.1) lib/action_dispatch/middleware/show_exceptions.rb:30:in `call'
  railties (4.0.1) lib/rails/rack/logger.rb:38:in `call_app'
  railties (4.0.1) lib/rails/rack/logger.rb:20:in `block in call'
  activesupport (4.0.1) lib/active_support/tagged_logging.rb:67:in `block in tagged'
  activesupport (4.0.1) lib/active_support/tagged_logging.rb:25:in `tagged'
  activesupport (4.0.1) lib/active_support/tagged_logging.rb:67:in `tagged'
  railties (4.0.1) lib/rails/rack/logger.rb:20:in `call'
  actionpack (4.0.1) lib/action_dispatch/middleware/request_id.rb:21:in `call'
  rack (1.5.2) lib/rack/methodoverride.rb:21:in `call'
  rack (1.5.2) lib/rack/runtime.rb:17:in `call'
  activesupport (4.0.1) lib/active_support/cache/strategy/local_cache.rb:83:in `call'
  rack (1.5.2) lib/rack/lock.rb:17:in `call'
  actionpack (4.0.1) lib/action_dispatch/middleware/static.rb:64:in `call'
  rack (1.5.2) lib/rack/sendfile.rb:112:in `call'
  railties (4.0.1) lib/rails/engine.rb:511:in `call'
  railties (4.0.1) lib/rails/application.rb:97:in `call'
  rack (1.5.2) lib/rack/lock.rb:17:in `call'
  rack (1.5.2) lib/rack/content_length.rb:14:in `call'
  rack (1.5.2) lib/rack/handler/webrick.rb:60:in `service'
  /Users/Cole/.rbenv/versions/2.0.0-p247/lib/ruby/2.0.0/webrick/httpserver.rb:138:in `service'
  /Users/Cole/.rbenv/versions/2.0.0-p247/lib/ruby/2.0.0/webrick/httpserver.rb:94:in `run'
  /Users/Cole/.rbenv/versions/2.0.0-p247/lib/ruby/2.0.0/webrick/server.rb:295:in `block in start_thread'


  Rendered /Users/Cole/.rbenv/versions/2.0.0-p247/lib/ruby/gems/2.0.0/gems/actionpack-4.0.1/lib/action_dispatch/middleware/templates/rescues/_trace.erb (1.5ms)
  Rendered /Users/Cole/.rbenv/versions/2.0.0-p247/lib/ruby/gems/2.0.0/gems/actionpack-4.0.1/lib/action_dispatch/middleware/templates/routes/_route.html.erb (0.8ms)
  Rendered /Users/Cole/.rbenv/versions/2.0.0-p247/lib/ruby/gems/2.0.0/gems/actionpack-4.0.1/lib/action_dispatch/middleware/templates/routes/_table.html.erb (1.1ms)
  Rendered /Users/Cole/.rbenv/versions/2.0.0-p247/lib/ruby/gems/2.0.0/gems/actionpack-4.0.1/lib/action_dispatch/middleware/templates/rescues/routing_error.erb within rescues/layout (17.7ms)


Started GET "/Users/Cole/Desktop/Dropbox/app/views/bootstrap/shared.html" for 127.0.0.1 at 2013-12-07 14:40:59 -0700

ActionController::RoutingError (No route matches [GET] "/Users/Cole/Desktop/Dropbox/app/views/bootstrap/shared.html"):
  actionpack (4.0.1) lib/action_dispatch/middleware/debug_exceptions.rb:21:in `call'
  actionpack (4.0.1) lib/action_dispatch/middleware/show_exceptions.rb:30:in `call'
  railties (4.0.1) lib/rails/rack/logger.rb:38:in `call_app'
  railties (4.0.1) lib/rails/rack/logger.rb:20:in `block in call'
  activesupport (4.0.1) lib/active_support/tagged_logging.rb:67:in `block in tagged'
  activesupport (4.0.1) lib/active_support/tagged_logging.rb:25:in `tagged'
  activesupport (4.0.1) lib/active_support/tagged_logging.rb:67:in `tagged'
  railties (4.0.1) lib/rails/rack/logger.rb:20:in `call'
  actionpack (4.0.1) lib/action_dispatch/middleware/request_id.rb:21:in `call'
  rack (1.5.2) lib/rack/methodoverride.rb:21:in `call'
  rack (1.5.2) lib/rack/runtime.rb:17:in `call'
  activesupport (4.0.1) lib/active_support/cache/strategy/local_cache.rb:83:in `call'
  rack (1.5.2) lib/rack/lock.rb:17:in `call'
  actionpack (4.0.1) lib/action_dispatch/middleware/static.rb:64:in `call'
  rack (1.5.2) lib/rack/sendfile.rb:112:in `call'
  railties (4.0.1) lib/rails/engine.rb:511:in `call'
  railties (4.0.1) lib/rails/application.rb:97:in `call'
  rack (1.5.2) lib/rack/lock.rb:17:in `call'
  rack (1.5.2) lib/rack/content_length.rb:14:in `call'
  rack (1.5.2) lib/rack/handler/webrick.rb:60:in `service'
  /Users/Cole/.rbenv/versions/2.0.0-p247/lib/ruby/2.0.0/webrick/httpserver.rb:138:in `service'
  /Users/Cole/.rbenv/versions/2.0.0-p247/lib/ruby/2.0.0/webrick/httpserver.rb:94:in `run'
  /Users/Cole/.rbenv/versions/2.0.0-p247/lib/ruby/2.0.0/webrick/server.rb:295:in `block in start_thread'


  Rendered /Users/Cole/.rbenv/versions/2.0.0-p247/lib/ruby/gems/2.0.0/gems/actionpack-4.0.1/lib/action_dispatch/middleware/templates/rescues/_trace.erb (1.6ms)
  Rendered /Users/Cole/.rbenv/versions/2.0.0-p247/lib/ruby/gems/2.0.0/gems/actionpack-4.0.1/lib/action_dispatch/middleware/templates/routes/_route.html.erb (0.8ms)
  Rendered /Users/Cole/.rbenv/versions/2.0.0-p247/lib/ruby/gems/2.0.0/gems/actionpack-4.0.1/lib/action_dispatch/middleware/templates/routes/_table.html.erb (1.0ms)
  Rendered /Users/Cole/.rbenv/versions/2.0.0-p247/lib/ruby/gems/2.0.0/gems/actionpack-4.0.1/lib/action_dispatch/middleware/templates/rescues/routing_error.erb within rescues/layout (18.4ms)


Started GET "/Users/Cole/Desktop/Dropbox/app/views/bootstrap/shared.html" for 127.0.0.1 at 2013-12-07 14:41:05 -0700

ActionController::RoutingError (No route matches [GET] "/Users/Cole/Desktop/Dropbox/app/views/bootstrap/shared.html"):
  actionpack (4.0.1) lib/action_dispatch/middleware/debug_exceptions.rb:21:in `call'
  actionpack (4.0.1) lib/action_dispatch/middleware/show_exceptions.rb:30:in `call'
  railties (4.0.1) lib/rails/rack/logger.rb:38:in `call_app'
  railties (4.0.1) lib/rails/rack/logger.rb:20:in `block in call'
  activesupport (4.0.1) lib/active_support/tagged_logging.rb:67:in `block in tagged'
  activesupport (4.0.1) lib/active_support/tagged_logging.rb:25:in `tagged'
  activesupport (4.0.1) lib/active_support/tagged_logging.rb:67:in `tagged'
  railties (4.0.1) lib/rails/rack/logger.rb:20:in `call'
  actionpack (4.0.1) lib/action_dispatch/middleware/request_id.rb:21:in `call'
  rack (1.5.2) lib/rack/methodoverride.rb:21:in `call'
  rack (1.5.2) lib/rack/runtime.rb:17:in `call'
  activesupport (4.0.1) lib/active_support/cache/strategy/local_cache.rb:83:in `call'
  rack (1.5.2) lib/rack/lock.rb:17:in `call'
  actionpack (4.0.1) lib/action_dispatch/middleware/static.rb:64:in `call'
  rack (1.5.2) lib/rack/sendfile.rb:112:in `call'
  railties (4.0.1) lib/rails/engine.rb:511:in `call'
  railties (4.0.1) lib/rails/application.rb:97:in `call'
  rack (1.5.2) lib/rack/lock.rb:17:in `call'
  rack (1.5.2) lib/rack/content_length.rb:14:in `call'
  rack (1.5.2) lib/rack/handler/webrick.rb:60:in `service'
  /Users/Cole/.rbenv/versions/2.0.0-p247/lib/ruby/2.0.0/webrick/httpserver.rb:138:in `service'
  /Users/Cole/.rbenv/versions/2.0.0-p247/lib/ruby/2.0.0/webrick/httpserver.rb:94:in `run'
  /Users/Cole/.rbenv/versions/2.0.0-p247/lib/ruby/2.0.0/webrick/server.rb:295:in `block in start_thread'


  Rendered /Users/Cole/.rbenv/versions/2.0.0-p247/lib/ruby/gems/2.0.0/gems/actionpack-4.0.1/lib/action_dispatch/middleware/templates/rescues/_trace.erb (1.0ms)
  Rendered /Users/Cole/.rbenv/versions/2.0.0-p247/lib/ruby/gems/2.0.0/gems/actionpack-4.0.1/lib/action_dispatch/middleware/templates/routes/_route.html.erb (0.8ms)
  Rendered /Users/Cole/.rbenv/versions/2.0.0-p247/lib/ruby/gems/2.0.0/gems/actionpack-4.0.1/lib/action_dispatch/middleware/templates/routes/_table.html.erb (1.0ms)
  Rendered /Users/Cole/.rbenv/versions/2.0.0-p247/lib/ruby/gems/2.0.0/gems/actionpack-4.0.1/lib/action_dispatch/middleware/templates/rescues/routing_error.erb within rescues/layout (15.9ms)


Started GET "/Users/Cole/Desktop/Dropbox/app/views/bootstrap/shared.html" for 127.0.0.1 at 2013-12-07 14:41:05 -0700

ActionController::RoutingError (No route matches [GET] "/Users/Cole/Desktop/Dropbox/app/views/bootstrap/shared.html"):
  actionpack (4.0.1) lib/action_dispatch/middleware/debug_exceptions.rb:21:in `call'
  actionpack (4.0.1) lib/action_dispatch/middleware/show_exceptions.rb:30:in `call'
  railties (4.0.1) lib/rails/rack/logger.rb:38:in `call_app'
  railties (4.0.1) lib/rails/rack/logger.rb:20:in `block in call'
  activesupport (4.0.1) lib/active_support/tagged_logging.rb:67:in `block in tagged'
  activesupport (4.0.1) lib/active_support/tagged_logging.rb:25:in `tagged'
  activesupport (4.0.1) lib/active_support/tagged_logging.rb:67:in `tagged'
  railties (4.0.1) lib/rails/rack/logger.rb:20:in `call'
  actionpack (4.0.1) lib/action_dispatch/middleware/request_id.rb:21:in `call'
  rack (1.5.2) lib/rack/methodoverride.rb:21:in `call'
  rack (1.5.2) lib/rack/runtime.rb:17:in `call'
  activesupport (4.0.1) lib/active_support/cache/strategy/local_cache.rb:83:in `call'
  rack (1.5.2) lib/rack/lock.rb:17:in `call'
  actionpack (4.0.1) lib/action_dispatch/middleware/static.rb:64:in `call'
  rack (1.5.2) lib/rack/sendfile.rb:112:in `call'
  railties (4.0.1) lib/rails/engine.rb:511:in `call'
  railties (4.0.1) lib/rails/application.rb:97:in `call'
  rack (1.5.2) lib/rack/lock.rb:17:in `call'
  rack (1.5.2) lib/rack/content_length.rb:14:in `call'
  rack (1.5.2) lib/rack/handler/webrick.rb:60:in `service'
  /Users/Cole/.rbenv/versions/2.0.0-p247/lib/ruby/2.0.0/webrick/httpserver.rb:138:in `service'
  /Users/Cole/.rbenv/versions/2.0.0-p247/lib/ruby/2.0.0/webrick/httpserver.rb:94:in `run'
  /Users/Cole/.rbenv/versions/2.0.0-p247/lib/ruby/2.0.0/webrick/server.rb:295:in `block in start_thread'


  Rendered /Users/Cole/.rbenv/versions/2.0.0-p247/lib/ruby/gems/2.0.0/gems/actionpack-4.0.1/lib/action_dispatch/middleware/templates/rescues/_trace.erb (1.1ms)
  Rendered /Users/Cole/.rbenv/versions/2.0.0-p247/lib/ruby/gems/2.0.0/gems/actionpack-4.0.1/lib/action_dispatch/middleware/templates/routes/_route.html.erb (0.8ms)
  Rendered /Users/Cole/.rbenv/versions/2.0.0-p247/lib/ruby/gems/2.0.0/gems/actionpack-4.0.1/lib/action_dispatch/middleware/templates/routes/_table.html.erb (1.0ms)
  Rendered /Users/Cole/.rbenv/versions/2.0.0-p247/lib/ruby/gems/2.0.0/gems/actionpack-4.0.1/lib/action_dispatch/middleware/templates/rescues/routing_error.erb within rescues/layout (16.7ms)


Started GET "/Users/Cole/Desktop/Dropbox/app/views/bootstrap/shared.html" for 127.0.0.1 at 2013-12-07 14:41:19 -0700

ActionController::RoutingError (No route matches [GET] "/Users/Cole/Desktop/Dropbox/app/views/bootstrap/shared.html"):
  actionpack (4.0.1) lib/action_dispatch/middleware/debug_exceptions.rb:21:in `call'
  actionpack (4.0.1) lib/action_dispatch/middleware/show_exceptions.rb:30:in `call'
  railties (4.0.1) lib/rails/rack/logger.rb:38:in `call_app'
  railties (4.0.1) lib/rails/rack/logger.rb:20:in `block in call'
  activesupport (4.0.1) lib/active_support/tagged_logging.rb:67:in `block in tagged'
  activesupport (4.0.1) lib/active_support/tagged_logging.rb:25:in `tagged'
  activesupport (4.0.1) lib/active_support/tagged_logging.rb:67:in `tagged'
  railties (4.0.1) lib/rails/rack/logger.rb:20:in `call'
  actionpack (4.0.1) lib/action_dispatch/middleware/request_id.rb:21:in `call'
  rack (1.5.2) lib/rack/methodoverride.rb:21:in `call'
  rack (1.5.2) lib/rack/runtime.rb:17:in `call'
  activesupport (4.0.1) lib/active_support/cache/strategy/local_cache.rb:83:in `call'
  rack (1.5.2) lib/rack/lock.rb:17:in `call'
  actionpack (4.0.1) lib/action_dispatch/middleware/static.rb:64:in `call'
  rack (1.5.2) lib/rack/sendfile.rb:112:in `call'
  railties (4.0.1) lib/rails/engine.rb:511:in `call'
  railties (4.0.1) lib/rails/application.rb:97:in `call'
  rack (1.5.2) lib/rack/lock.rb:17:in `call'
  rack (1.5.2) lib/rack/content_length.rb:14:in `call'
  rack (1.5.2) lib/rack/handler/webrick.rb:60:in `service'
  /Users/Cole/.rbenv/versions/2.0.0-p247/lib/ruby/2.0.0/webrick/httpserver.rb:138:in `service'
  /Users/Cole/.rbenv/versions/2.0.0-p247/lib/ruby/2.0.0/webrick/httpserver.rb:94:in `run'
  /Users/Cole/.rbenv/versions/2.0.0-p247/lib/ruby/2.0.0/webrick/server.rb:295:in `block in start_thread'


  Rendered /Users/Cole/.rbenv/versions/2.0.0-p247/lib/ruby/gems/2.0.0/gems/actionpack-4.0.1/lib/action_dispatch/middleware/templates/rescues/_trace.erb (1.0ms)
  Rendered /Users/Cole/.rbenv/versions/2.0.0-p247/lib/ruby/gems/2.0.0/gems/actionpack-4.0.1/lib/action_dispatch/middleware/templates/routes/_route.html.erb (0.7ms)
  Rendered /Users/Cole/.rbenv/versions/2.0.0-p247/lib/ruby/gems/2.0.0/gems/actionpack-4.0.1/lib/action_dispatch/middleware/templates/routes/_table.html.erb (1.0ms)
  Rendered /Users/Cole/.rbenv/versions/2.0.0-p247/lib/ruby/gems/2.0.0/gems/actionpack-4.0.1/lib/action_dispatch/middleware/templates/rescues/routing_error.erb within rescues/layout (15.8ms)


Started GET "/" for 127.0.0.1 at 2013-12-07 14:42:53 -0700
Processing by DropboxController#index as HTML
  Rendered dropbox/index.html within layouts/application (0.4ms)
Completed 200 OK in 12ms (Views: 10.9ms | ActiveRecord: 0.0ms)


Started GET "/stylesheets/application.css" for 127.0.0.1 at 2013-12-07 14:42:53 -0700

ActionController::RoutingError (No route matches [GET] "/stylesheets/application.css"):
  actionpack (4.0.1) lib/action_dispatch/middleware/debug_exceptions.rb:21:in `call'
  actionpack (4.0.1) lib/action_dispatch/middleware/show_exceptions.rb:30:in `call'
  railties (4.0.1) lib/rails/rack/logger.rb:38:in `call_app'
  railties (4.0.1) lib/rails/rack/logger.rb:20:in `block in call'
  activesupport (4.0.1) lib/active_support/tagged_logging.rb:67:in `block in tagged'
  activesupport (4.0.1) lib/active_support/tagged_logging.rb:25:in `tagged'
  activesupport (4.0.1) lib/active_support/tagged_logging.rb:67:in `tagged'
  railties (4.0.1) lib/rails/rack/logger.rb:20:in `call'
  actionpack (4.0.1) lib/action_dispatch/middleware/request_id.rb:21:in `call'
  rack (1.5.2) lib/rack/methodoverride.rb:21:in `call'
  rack (1.5.2) lib/rack/runtime.rb:17:in `call'
  activesupport (4.0.1) lib/active_support/cache/strategy/local_cache.rb:83:in `call'
  rack (1.5.2) lib/rack/lock.rb:17:in `call'
  actionpack (4.0.1) lib/action_dispatch/middleware/static.rb:64:in `call'
  rack (1.5.2) lib/rack/sendfile.rb:112:in `call'
  railties (4.0.1) lib/rails/engine.rb:511:in `call'
  railties (4.0.1) lib/rails/application.rb:97:in `call'
  rack (1.5.2) lib/rack/lock.rb:17:in `call'
  rack (1.5.2) lib/rack/content_length.rb:14:in `call'
  rack (1.5.2) lib/rack/handler/webrick.rb:60:in `service'
  /Users/Cole/.rbenv/versions/2.0.0-p247/lib/ruby/2.0.0/webrick/httpserver.rb:138:in `service'
  /Users/Cole/.rbenv/versions/2.0.0-p247/lib/ruby/2.0.0/webrick/httpserver.rb:94:in `run'
  /Users/Cole/.rbenv/versions/2.0.0-p247/lib/ruby/2.0.0/webrick/server.rb:295:in `block in start_thread'


  Rendered /Users/Cole/.rbenv/versions/2.0.0-p247/lib/ruby/gems/2.0.0/gems/actionpack-4.0.1/lib/action_dispatch/middleware/templates/rescues/_trace.erb (1.1ms)
  Rendered /Users/Cole/.rbenv/versions/2.0.0-p247/lib/ruby/gems/2.0.0/gems/actionpack-4.0.1/lib/action_dispatch/middleware/templates/routes/_route.html.erb (0.8ms)
  Rendered /Users/Cole/.rbenv/versions/2.0.0-p247/lib/ruby/gems/2.0.0/gems/actionpack-4.0.1/lib/action_dispatch/middleware/templates/routes/_table.html.erb (1.0ms)
  Rendered /Users/Cole/.rbenv/versions/2.0.0-p247/lib/ruby/gems/2.0.0/gems/actionpack-4.0.1/lib/action_dispatch/middleware/templates/rescues/routing_error.erb within rescues/layout (18.0ms)


Started GET "/assets/jquery.js?body=1" for 127.0.0.1 at 2013-12-07 14:42:53 -0700


Started GET "/assets/turbolinks.js?body=1" for 127.0.0.1 at 2013-12-07 14:42:53 -0700


Started GET "/assets/jquery_ujs.js?body=1" for 127.0.0.1 at 2013-12-07 14:42:53 -0700


Started GET "/assets/bootstrap.js?body=1" for 127.0.0.1 at 2013-12-07 14:42:53 -0700


Started GET "/assets/bootstrap.min.js?body=1" for 127.0.0.1 at 2013-12-07 14:42:53 -0700


Started GET "/assets/application.js?body=1" for 127.0.0.1 at 2013-12-07 14:42:53 -0700


Started GET "/css/bootstrap.min.css" for 127.0.0.1 at 2013-12-07 14:42:53 -0700

ActionController::RoutingError (No route matches [GET] "/css/bootstrap.min.css"):
  actionpack (4.0.1) lib/action_dispatch/middleware/debug_exceptions.rb:21:in `call'
  actionpack (4.0.1) lib/action_dispatch/middleware/show_exceptions.rb:30:in `call'
  railties (4.0.1) lib/rails/rack/logger.rb:38:in `call_app'
  railties (4.0.1) lib/rails/rack/logger.rb:20:in `block in call'
  activesupport (4.0.1) lib/active_support/tagged_logging.rb:67:in `block in tagged'
  activesupport (4.0.1) lib/active_support/tagged_logging.rb:25:in `tagged'
  activesupport (4.0.1) lib/active_support/tagged_logging.rb:67:in `tagged'
  railties (4.0.1) lib/rails/rack/logger.rb:20:in `call'
  actionpack (4.0.1) lib/action_dispatch/middleware/request_id.rb:21:in `call'
  rack (1.5.2) lib/rack/methodoverride.rb:21:in `call'
  rack (1.5.2) lib/rack/runtime.rb:17:in `call'
  activesupport (4.0.1) lib/active_support/cache/strategy/local_cache.rb:83:in `call'
  rack (1.5.2) lib/rack/lock.rb:17:in `call'
  actionpack (4.0.1) lib/action_dispatch/middleware/static.rb:64:in `call'
  rack (1.5.2) lib/rack/sendfile.rb:112:in `call'
  railties (4.0.1) lib/rails/engine.rb:511:in `call'
  railties (4.0.1) lib/rails/application.rb:97:in `call'
  rack (1.5.2) lib/rack/lock.rb:17:in `call'
  rack (1.5.2) lib/rack/content_length.rb:14:in `call'
  rack (1.5.2) lib/rack/handler/webrick.rb:60:in `service'
  /Users/Cole/.rbenv/versions/2.0.0-p247/lib/ruby/2.0.0/webrick/httpserver.rb:138:in `service'
  /Users/Cole/.rbenv/versions/2.0.0-p247/lib/ruby/2.0.0/webrick/httpserver.rb:94:in `run'
  /Users/Cole/.rbenv/versions/2.0.0-p247/lib/ruby/2.0.0/webrick/server.rb:295:in `block in start_thread'


  Rendered /Users/Cole/.rbenv/versions/2.0.0-p247/lib/ruby/gems/2.0.0/gems/actionpack-4.0.1/lib/action_dispatch/middleware/templates/rescues/_trace.erb (2.0ms)
  Rendered /Users/Cole/.rbenv/versions/2.0.0-p247/lib/ruby/gems/2.0.0/gems/actionpack-4.0.1/lib/action_dispatch/middleware/templates/routes/_route.html.erb (0.8ms)
  Rendered /Users/Cole/.rbenv/versions/2.0.0-p247/lib/ruby/gems/2.0.0/gems/actionpack-4.0.1/lib/action_dispatch/middleware/templates/routes/_table.html.erb (1.0ms)
  Rendered /Users/Cole/.rbenv/versions/2.0.0-p247/lib/ruby/gems/2.0.0/gems/actionpack-4.0.1/lib/action_dispatch/middleware/templates/rescues/routing_error.erb within rescues/layout (21.6ms)


Started GET "/css/bootstrap-theme.min.css" for 127.0.0.1 at 2013-12-07 14:42:53 -0700

ActionController::RoutingError (No route matches [GET] "/css/bootstrap-theme.min.css"):
  actionpack (4.0.1) lib/action_dispatch/middleware/debug_exceptions.rb:21:in `call'
  actionpack (4.0.1) lib/action_dispatch/middleware/show_exceptions.rb:30:in `call'
  railties (4.0.1) lib/rails/rack/logger.rb:38:in `call_app'
  railties (4.0.1) lib/rails/rack/logger.rb:20:in `block in call'
  activesupport (4.0.1) lib/active_support/tagged_logging.rb:67:in `block in tagged'
  activesupport (4.0.1) lib/active_support/tagged_logging.rb:25:in `tagged'
  activesupport (4.0.1) lib/active_support/tagged_logging.rb:67:in `tagged'
  railties (4.0.1) lib/rails/rack/logger.rb:20:in `call'
  actionpack (4.0.1) lib/action_dispatch/middleware/request_id.rb:21:in `call'
  rack (1.5.2) lib/rack/methodoverride.rb:21:in `call'
  rack (1.5.2) lib/rack/runtime.rb:17:in `call'
  activesupport (4.0.1) lib/active_support/cache/strategy/local_cache.rb:83:in `call'
  rack (1.5.2) lib/rack/lock.rb:17:in `call'
  actionpack (4.0.1) lib/action_dispatch/middleware/static.rb:64:in `call'
  rack (1.5.2) lib/rack/sendfile.rb:112:in `call'
  railties (4.0.1) lib/rails/engine.rb:511:in `call'
  railties (4.0.1) lib/rails/application.rb:97:in `call'
  rack (1.5.2) lib/rack/lock.rb:17:in `call'
  rack (1.5.2) lib/rack/content_length.rb:14:in `call'
  rack (1.5.2) lib/rack/handler/webrick.rb:60:in `service'
  /Users/Cole/.rbenv/versions/2.0.0-p247/lib/ruby/2.0.0/webrick/httpserver.rb:138:in `service'
  /Users/Cole/.rbenv/versions/2.0.0-p247/lib/ruby/2.0.0/webrick/httpserver.rb:94:in `run'
  /Users/Cole/.rbenv/versions/2.0.0-p247/lib/ruby/2.0.0/webrick/server.rb:295:in `block in start_thread'


  Rendered /Users/Cole/.rbenv/versions/2.0.0-p247/lib/ruby/gems/2.0.0/gems/actionpack-4.0.1/lib/action_dispatch/middleware/templates/rescues/_trace.erb (1.0ms)
  Rendered /Users/Cole/.rbenv/versions/2.0.0-p247/lib/ruby/gems/2.0.0/gems/actionpack-4.0.1/lib/action_dispatch/middleware/templates/routes/_route.html.erb (0.9ms)
  Rendered /Users/Cole/.rbenv/versions/2.0.0-p247/lib/ruby/gems/2.0.0/gems/actionpack-4.0.1/lib/action_dispatch/middleware/templates/routes/_table.html.erb (1.2ms)
  Rendered /Users/Cole/.rbenv/versions/2.0.0-p247/lib/ruby/gems/2.0.0/gems/actionpack-4.0.1/lib/action_dispatch/middleware/templates/rescues/routing_error.erb within rescues/layout (43.2ms)


Started GET "/js/bootstrap.min.js" for 127.0.0.1 at 2013-12-07 14:42:53 -0700

ActionController::RoutingError (No route matches [GET] "/js/bootstrap.min.js"):
  actionpack (4.0.1) lib/action_dispatch/middleware/debug_exceptions.rb:21:in `call'
  actionpack (4.0.1) lib/action_dispatch/middleware/show_exceptions.rb:30:in `call'
  railties (4.0.1) lib/rails/rack/logger.rb:38:in `call_app'
  railties (4.0.1) lib/rails/rack/logger.rb:20:in `block in call'
  activesupport (4.0.1) lib/active_support/tagged_logging.rb:67:in `block in tagged'
  activesupport (4.0.1) lib/active_support/tagged_logging.rb:25:in `tagged'
  activesupport (4.0.1) lib/active_support/tagged_logging.rb:67:in `tagged'
  railties (4.0.1) lib/rails/rack/logger.rb:20:in `call'
  actionpack (4.0.1) lib/action_dispatch/middleware/request_id.rb:21:in `call'
  rack (1.5.2) lib/rack/methodoverride.rb:21:in `call'
  rack (1.5.2) lib/rack/runtime.rb:17:in `call'
  activesupport (4.0.1) lib/active_support/cache/strategy/local_cache.rb:83:in `call'
  rack (1.5.2) lib/rack/lock.rb:17:in `call'
  actionpack (4.0.1) lib/action_dispatch/middleware/static.rb:64:in `call'
  rack (1.5.2) lib/rack/sendfile.rb:112:in `call'
  railties (4.0.1) lib/rails/engine.rb:511:in `call'
  railties (4.0.1) lib/rails/application.rb:97:in `call'
  rack (1.5.2) lib/rack/lock.rb:17:in `call'
  rack (1.5.2) lib/rack/content_length.rb:14:in `call'
  rack (1.5.2) lib/rack/handler/webrick.rb:60:in `service'
  /Users/Cole/.rbenv/versions/2.0.0-p247/lib/ruby/2.0.0/webrick/httpserver.rb:138:in `service'
  /Users/Cole/.rbenv/versions/2.0.0-p247/lib/ruby/2.0.0/webrick/httpserver.rb:94:in `run'
  /Users/Cole/.rbenv/versions/2.0.0-p247/lib/ruby/2.0.0/webrick/server.rb:295:in `block in start_thread'


  Rendered /Users/Cole/.rbenv/versions/2.0.0-p247/lib/ruby/gems/2.0.0/gems/actionpack-4.0.1/lib/action_dispatch/middleware/templates/rescues/_trace.erb (1.0ms)
  Rendered /Users/Cole/.rbenv/versions/2.0.0-p247/lib/ruby/gems/2.0.0/gems/actionpack-4.0.1/lib/action_dispatch/middleware/templates/routes/_route.html.erb (0.8ms)
  Rendered /Users/Cole/.rbenv/versions/2.0.0-p247/lib/ruby/gems/2.0.0/gems/actionpack-4.0.1/lib/action_dispatch/middleware/templates/routes/_table.html.erb (1.0ms)
  Rendered /Users/Cole/.rbenv/versions/2.0.0-p247/lib/ruby/gems/2.0.0/gems/actionpack-4.0.1/lib/action_dispatch/middleware/templates/rescues/routing_error.erb within rescues/layout (16.9ms)


Started GET "/assets/dropbox.js?body=1" for 127.0.0.1 at 2013-12-07 14:42:53 -0700


Started GET "/" for 127.0.0.1 at 2013-12-07 14:42:53 -0700
Processing by DropboxController#index as HTML
  Rendered dropbox/index.html within layouts/application (0.0ms)
Completed 200 OK in 10ms (Views: 9.8ms | ActiveRecord: 0.0ms)


Started GET "/assets/jquery_ujs.js?body=1" for 127.0.0.1 at 2013-12-07 14:42:53 -0700


Started GET "/stylesheets/application.css" for 127.0.0.1 at 2013-12-07 14:42:53 -0700

ActionController::RoutingError (No route matches [GET] "/stylesheets/application.css"):
  actionpack (4.0.1) lib/action_dispatch/middleware/debug_exceptions.rb:21:in `call'
  actionpack (4.0.1) lib/action_dispatch/middleware/show_exceptions.rb:30:in `call'
  railties (4.0.1) lib/rails/rack/logger.rb:38:in `call_app'
  railties (4.0.1) lib/rails/rack/logger.rb:20:in `block in call'
  activesupport (4.0.1) lib/active_support/tagged_logging.rb:67:in `block in tagged'
  activesupport (4.0.1) lib/active_support/tagged_logging.rb:25:in `tagged'
  activesupport (4.0.1) lib/active_support/tagged_logging.rb:67:in `tagged'
  railties (4.0.1) lib/rails/rack/logger.rb:20:in `call'
  actionpack (4.0.1) lib/action_dispatch/middleware/request_id.rb:21:in `call'
  rack (1.5.2) lib/rack/methodoverride.rb:21:in `call'
  rack (1.5.2) lib/rack/runtime.rb:17:in `call'
  activesupport (4.0.1) lib/active_support/cache/strategy/local_cache.rb:83:in `call'
  rack (1.5.2) lib/rack/lock.rb:17:in `call'
  actionpack (4.0.1) lib/action_dispatch/middleware/static.rb:64:in `call'
  rack (1.5.2) lib/rack/sendfile.rb:112:in `call'
  railties (4.0.1) lib/rails/engine.rb:511:in `call'
  railties (4.0.1) lib/rails/application.rb:97:in `call'
  rack (1.5.2) lib/rack/lock.rb:17:in `call'
  rack (1.5.2) lib/rack/content_length.rb:14:in `call'
  rack (1.5.2) lib/rack/handler/webrick.rb:60:in `service'
  /Users/Cole/.rbenv/versions/2.0.0-p247/lib/ruby/2.0.0/webrick/httpserver.rb:138:in `service'
  /Users/Cole/.rbenv/versions/2.0.0-p247/lib/ruby/2.0.0/webrick/httpserver.rb:94:in `run'
  /Users/Cole/.rbenv/versions/2.0.0-p247/lib/ruby/2.0.0/webrick/server.rb:295:in `block in start_thread'


  Rendered /Users/Cole/.rbenv/versions/2.0.0-p247/lib/ruby/gems/2.0.0/gems/actionpack-4.0.1/lib/action_dispatch/middleware/templates/rescues/_trace.erb (0.9ms)
  Rendered /Users/Cole/.rbenv/versions/2.0.0-p247/lib/ruby/gems/2.0.0/gems/actionpack-4.0.1/lib/action_dispatch/middleware/templates/routes/_route.html.erb (0.7ms)
  Rendered /Users/Cole/.rbenv/versions/2.0.0-p247/lib/ruby/gems/2.0.0/gems/actionpack-4.0.1/lib/action_dispatch/middleware/templates/routes/_table.html.erb (1.1ms)
  Rendered /Users/Cole/.rbenv/versions/2.0.0-p247/lib/ruby/gems/2.0.0/gems/actionpack-4.0.1/lib/action_dispatch/middleware/templates/rescues/routing_error.erb within rescues/layout (15.7ms)


Started GET "/assets/bootstrap.js?body=1" for 127.0.0.1 at 2013-12-07 14:42:53 -0700


Started GET "/assets/bootstrap.min.js?body=1" for 127.0.0.1 at 2013-12-07 14:42:53 -0700


Started GET "/assets/jquery.js?body=1" for 127.0.0.1 at 2013-12-07 14:42:53 -0700


Started GET "/assets/turbolinks.js?body=1" for 127.0.0.1 at 2013-12-07 14:42:53 -0700


Started GET "/assets/dropbox.js?body=1" for 127.0.0.1 at 2013-12-07 14:42:53 -0700


Started GET "/assets/application.js?body=1" for 127.0.0.1 at 2013-12-07 14:42:53 -0700


Started GET "/css/bootstrap.min.css" for 127.0.0.1 at 2013-12-07 14:42:53 -0700

ActionController::RoutingError (No route matches [GET] "/css/bootstrap.min.css"):
  actionpack (4.0.1) lib/action_dispatch/middleware/debug_exceptions.rb:21:in `call'
  actionpack (4.0.1) lib/action_dispatch/middleware/show_exceptions.rb:30:in `call'
  railties (4.0.1) lib/rails/rack/logger.rb:38:in `call_app'
  railties (4.0.1) lib/rails/rack/logger.rb:20:in `block in call'
  activesupport (4.0.1) lib/active_support/tagged_logging.rb:67:in `block in tagged'
  activesupport (4.0.1) lib/active_support/tagged_logging.rb:25:in `tagged'
  activesupport (4.0.1) lib/active_support/tagged_logging.rb:67:in `tagged'
  railties (4.0.1) lib/rails/rack/logger.rb:20:in `call'
  actionpack (4.0.1) lib/action_dispatch/middleware/request_id.rb:21:in `call'
  rack (1.5.2) lib/rack/methodoverride.rb:21:in `call'
  rack (1.5.2) lib/rack/runtime.rb:17:in `call'
  activesupport (4.0.1) lib/active_support/cache/strategy/local_cache.rb:83:in `call'
  rack (1.5.2) lib/rack/lock.rb:17:in `call'
  actionpack (4.0.1) lib/action_dispatch/middleware/static.rb:64:in `call'
  rack (1.5.2) lib/rack/sendfile.rb:112:in `call'
  railties (4.0.1) lib/rails/engine.rb:511:in `call'
  railties (4.0.1) lib/rails/application.rb:97:in `call'
  rack (1.5.2) lib/rack/lock.rb:17:in `call'
  rack (1.5.2) lib/rack/content_length.rb:14:in `call'
  rack (1.5.2) lib/rack/handler/webrick.rb:60:in `service'
  /Users/Cole/.rbenv/versions/2.0.0-p247/lib/ruby/2.0.0/webrick/httpserver.rb:138:in `service'
  /Users/Cole/.rbenv/versions/2.0.0-p247/lib/ruby/2.0.0/webrick/httpserver.rb:94:in `run'
  /Users/Cole/.rbenv/versions/2.0.0-p247/lib/ruby/2.0.0/webrick/server.rb:295:in `block in start_thread'


  Rendered /Users/Cole/.rbenv/versions/2.0.0-p247/lib/ruby/gems/2.0.0/gems/actionpack-4.0.1/lib/action_dispatch/middleware/templates/rescues/_trace.erb (1.2ms)
  Rendered /Users/Cole/.rbenv/versions/2.0.0-p247/lib/ruby/gems/2.0.0/gems/actionpack-4.0.1/lib/action_dispatch/middleware/templates/routes/_route.html.erb (0.8ms)
  Rendered /Users/Cole/.rbenv/versions/2.0.0-p247/lib/ruby/gems/2.0.0/gems/actionpack-4.0.1/lib/action_dispatch/middleware/templates/routes/_table.html.erb (1.3ms)
  Rendered /Users/Cole/.rbenv/versions/2.0.0-p247/lib/ruby/gems/2.0.0/gems/actionpack-4.0.1/lib/action_dispatch/middleware/templates/rescues/routing_error.erb within rescues/layout (20.7ms)


Started GET "/css/bootstrap-theme.min.css" for 127.0.0.1 at 2013-12-07 14:42:53 -0700

ActionController::RoutingError (No route matches [GET] "/css/bootstrap-theme.min.css"):
  actionpack (4.0.1) lib/action_dispatch/middleware/debug_exceptions.rb:21:in `call'
  actionpack (4.0.1) lib/action_dispatch/middleware/show_exceptions.rb:30:in `call'
  railties (4.0.1) lib/rails/rack/logger.rb:38:in `call_app'
  railties (4.0.1) lib/rails/rack/logger.rb:20:in `block in call'
  activesupport (4.0.1) lib/active_support/tagged_logging.rb:67:in `block in tagged'
  activesupport (4.0.1) lib/active_support/tagged_logging.rb:25:in `tagged'
  activesupport (4.0.1) lib/active_support/tagged_logging.rb:67:in `tagged'
  railties (4.0.1) lib/rails/rack/logger.rb:20:in `call'
  actionpack (4.0.1) lib/action_dispatch/middleware/request_id.rb:21:in `call'
  rack (1.5.2) lib/rack/methodoverride.rb:21:in `call'
  rack (1.5.2) lib/rack/runtime.rb:17:in `call'
  activesupport (4.0.1) lib/active_support/cache/strategy/local_cache.rb:83:in `call'
  rack (1.5.2) lib/rack/lock.rb:17:in `call'
  actionpack (4.0.1) lib/action_dispatch/middleware/static.rb:64:in `call'
  rack (1.5.2) lib/rack/sendfile.rb:112:in `call'
  railties (4.0.1) lib/rails/engine.rb:511:in `call'
  railties (4.0.1) lib/rails/application.rb:97:in `call'
  rack (1.5.2) lib/rack/lock.rb:17:in `call'
  rack (1.5.2) lib/rack/content_length.rb:14:in `call'
  rack (1.5.2) lib/rack/handler/webrick.rb:60:in `service'
  /Users/Cole/.rbenv/versions/2.0.0-p247/lib/ruby/2.0.0/webrick/httpserver.rb:138:in `service'
  /Users/Cole/.rbenv/versions/2.0.0-p247/lib/ruby/2.0.0/webrick/httpserver.rb:94:in `run'
  /Users/Cole/.rbenv/versions/2.0.0-p247/lib/ruby/2.0.0/webrick/server.rb:295:in `block in start_thread'


  Rendered /Users/Cole/.rbenv/versions/2.0.0-p247/lib/ruby/gems/2.0.0/gems/actionpack-4.0.1/lib/action_dispatch/middleware/templates/rescues/_trace.erb (1.0ms)
  Rendered /Users/Cole/.rbenv/versions/2.0.0-p247/lib/ruby/gems/2.0.0/gems/actionpack-4.0.1/lib/action_dispatch/middleware/templates/routes/_route.html.erb (0.8ms)
  Rendered /Users/Cole/.rbenv/versions/2.0.0-p247/lib/ruby/gems/2.0.0/gems/actionpack-4.0.1/lib/action_dispatch/middleware/templates/routes/_table.html.erb (1.7ms)
  Rendered /Users/Cole/.rbenv/versions/2.0.0-p247/lib/ruby/gems/2.0.0/gems/actionpack-4.0.1/lib/action_dispatch/middleware/templates/rescues/routing_error.erb within rescues/layout (18.1ms)


Started GET "/js/bootstrap.min.js" for 127.0.0.1 at 2013-12-07 14:42:53 -0700

ActionController::RoutingError (No route matches [GET] "/js/bootstrap.min.js"):
  actionpack (4.0.1) lib/action_dispatch/middleware/debug_exceptions.rb:21:in `call'
  actionpack (4.0.1) lib/action_dispatch/middleware/show_exceptions.rb:30:in `call'
  railties (4.0.1) lib/rails/rack/logger.rb:38:in `call_app'
  railties (4.0.1) lib/rails/rack/logger.rb:20:in `block in call'
  activesupport (4.0.1) lib/active_support/tagged_logging.rb:67:in `block in tagged'
  activesupport (4.0.1) lib/active_support/tagged_logging.rb:25:in `tagged'
  activesupport (4.0.1) lib/active_support/tagged_logging.rb:67:in `tagged'
  railties (4.0.1) lib/rails/rack/logger.rb:20:in `call'
  actionpack (4.0.1) lib/action_dispatch/middleware/request_id.rb:21:in `call'
  rack (1.5.2) lib/rack/methodoverride.rb:21:in `call'
  rack (1.5.2) lib/rack/runtime.rb:17:in `call'
  activesupport (4.0.1) lib/active_support/cache/strategy/local_cache.rb:83:in `call'
  rack (1.5.2) lib/rack/lock.rb:17:in `call'
  actionpack (4.0.1) lib/action_dispatch/middleware/static.rb:64:in `call'
  rack (1.5.2) lib/rack/sendfile.rb:112:in `call'
  railties (4.0.1) lib/rails/engine.rb:511:in `call'
  railties (4.0.1) lib/rails/application.rb:97:in `call'
  rack (1.5.2) lib/rack/lock.rb:17:in `call'
  rack (1.5.2) lib/rack/content_length.rb:14:in `call'
  rack (1.5.2) lib/rack/handler/webrick.rb:60:in `service'
  /Users/Cole/.rbenv/versions/2.0.0-p247/lib/ruby/2.0.0/webrick/httpserver.rb:138:in `service'
  /Users/Cole/.rbenv/versions/2.0.0-p247/lib/ruby/2.0.0/webrick/httpserver.rb:94:in `run'
  /Users/Cole/.rbenv/versions/2.0.0-p247/lib/ruby/2.0.0/webrick/server.rb:295:in `block in start_thread'


  Rendered /Users/Cole/.rbenv/versions/2.0.0-p247/lib/ruby/gems/2.0.0/gems/actionpack-4.0.1/lib/action_dispatch/middleware/templates/rescues/_trace.erb (1.1ms)
  Rendered /Users/Cole/.rbenv/versions/2.0.0-p247/lib/ruby/gems/2.0.0/gems/actionpack-4.0.1/lib/action_dispatch/middleware/templates/routes/_route.html.erb (0.7ms)
  Rendered /Users/Cole/.rbenv/versions/2.0.0-p247/lib/ruby/gems/2.0.0/gems/actionpack-4.0.1/lib/action_dispatch/middleware/templates/routes/_table.html.erb (1.0ms)
  Rendered /Users/Cole/.rbenv/versions/2.0.0-p247/lib/ruby/gems/2.0.0/gems/actionpack-4.0.1/lib/action_dispatch/middleware/templates/rescues/routing_error.erb within rescues/layout (16.6ms)


Started GET "/shared.html" for 127.0.0.1 at 2013-12-07 14:42:57 -0700

ActionController::RoutingError (No route matches [GET] "/shared.html"):
  actionpack (4.0.1) lib/action_dispatch/middleware/debug_exceptions.rb:21:in `call'
  actionpack (4.0.1) lib/action_dispatch/middleware/show_exceptions.rb:30:in `call'
  railties (4.0.1) lib/rails/rack/logger.rb:38:in `call_app'
  railties (4.0.1) lib/rails/rack/logger.rb:20:in `block in call'
  activesupport (4.0.1) lib/active_support/tagged_logging.rb:67:in `block in tagged'
  activesupport (4.0.1) lib/active_support/tagged_logging.rb:25:in `tagged'
  activesupport (4.0.1) lib/active_support/tagged_logging.rb:67:in `tagged'
  railties (4.0.1) lib/rails/rack/logger.rb:20:in `call'
  actionpack (4.0.1) lib/action_dispatch/middleware/request_id.rb:21:in `call'
  rack (1.5.2) lib/rack/methodoverride.rb:21:in `call'
  rack (1.5.2) lib/rack/runtime.rb:17:in `call'
  activesupport (4.0.1) lib/active_support/cache/strategy/local_cache.rb:83:in `call'
  rack (1.5.2) lib/rack/lock.rb:17:in `call'
  actionpack (4.0.1) lib/action_dispatch/middleware/static.rb:64:in `call'
  rack (1.5.2) lib/rack/sendfile.rb:112:in `call'
  railties (4.0.1) lib/rails/engine.rb:511:in `call'
  railties (4.0.1) lib/rails/application.rb:97:in `call'
  rack (1.5.2) lib/rack/lock.rb:17:in `call'
  rack (1.5.2) lib/rack/content_length.rb:14:in `call'
  rack (1.5.2) lib/rack/handler/webrick.rb:60:in `service'
  /Users/Cole/.rbenv/versions/2.0.0-p247/lib/ruby/2.0.0/webrick/httpserver.rb:138:in `service'
  /Users/Cole/.rbenv/versions/2.0.0-p247/lib/ruby/2.0.0/webrick/httpserver.rb:94:in `run'
  /Users/Cole/.rbenv/versions/2.0.0-p247/lib/ruby/2.0.0/webrick/server.rb:295:in `block in start_thread'


  Rendered /Users/Cole/.rbenv/versions/2.0.0-p247/lib/ruby/gems/2.0.0/gems/actionpack-4.0.1/lib/action_dispatch/middleware/templates/rescues/_trace.erb (1.1ms)
  Rendered /Users/Cole/.rbenv/versions/2.0.0-p247/lib/ruby/gems/2.0.0/gems/actionpack-4.0.1/lib/action_dispatch/middleware/templates/routes/_route.html.erb (0.8ms)
  Rendered /Users/Cole/.rbenv/versions/2.0.0-p247/lib/ruby/gems/2.0.0/gems/actionpack-4.0.1/lib/action_dispatch/middleware/templates/routes/_table.html.erb (1.0ms)
  Rendered /Users/Cole/.rbenv/versions/2.0.0-p247/lib/ruby/gems/2.0.0/gems/actionpack-4.0.1/lib/action_dispatch/middleware/templates/rescues/routing_error.erb within rescues/layout (16.0ms)


Started GET "/shared.html" for 127.0.0.1 at 2013-12-07 14:42:57 -0700

ActionController::RoutingError (No route matches [GET] "/shared.html"):
  actionpack (4.0.1) lib/action_dispatch/middleware/debug_exceptions.rb:21:in `call'
  actionpack (4.0.1) lib/action_dispatch/middleware/show_exceptions.rb:30:in `call'
  railties (4.0.1) lib/rails/rack/logger.rb:38:in `call_app'
  railties (4.0.1) lib/rails/rack/logger.rb:20:in `block in call'
  activesupport (4.0.1) lib/active_support/tagged_logging.rb:67:in `block in tagged'
  activesupport (4.0.1) lib/active_support/tagged_logging.rb:25:in `tagged'
  activesupport (4.0.1) lib/active_support/tagged_logging.rb:67:in `tagged'
  railties (4.0.1) lib/rails/rack/logger.rb:20:in `call'
  actionpack (4.0.1) lib/action_dispatch/middleware/request_id.rb:21:in `call'
  rack (1.5.2) lib/rack/methodoverride.rb:21:in `call'
  rack (1.5.2) lib/rack/runtime.rb:17:in `call'
  activesupport (4.0.1) lib/active_support/cache/strategy/local_cache.rb:83:in `call'
  rack (1.5.2) lib/rack/lock.rb:17:in `call'
  actionpack (4.0.1) lib/action_dispatch/middleware/static.rb:64:in `call'
  rack (1.5.2) lib/rack/sendfile.rb:112:in `call'
  railties (4.0.1) lib/rails/engine.rb:511:in `call'
  railties (4.0.1) lib/rails/application.rb:97:in `call'
  rack (1.5.2) lib/rack/lock.rb:17:in `call'
  rack (1.5.2) lib/rack/content_length.rb:14:in `call'
  rack (1.5.2) lib/rack/handler/webrick.rb:60:in `service'
  /Users/Cole/.rbenv/versions/2.0.0-p247/lib/ruby/2.0.0/webrick/httpserver.rb:138:in `service'
  /Users/Cole/.rbenv/versions/2.0.0-p247/lib/ruby/2.0.0/webrick/httpserver.rb:94:in `run'
  /Users/Cole/.rbenv/versions/2.0.0-p247/lib/ruby/2.0.0/webrick/server.rb:295:in `block in start_thread'


  Rendered /Users/Cole/.rbenv/versions/2.0.0-p247/lib/ruby/gems/2.0.0/gems/actionpack-4.0.1/lib/action_dispatch/middleware/templates/rescues/_trace.erb (1.0ms)
  Rendered /Users/Cole/.rbenv/versions/2.0.0-p247/lib/ruby/gems/2.0.0/gems/actionpack-4.0.1/lib/action_dispatch/middleware/templates/routes/_route.html.erb (0.8ms)
  Rendered /Users/Cole/.rbenv/versions/2.0.0-p247/lib/ruby/gems/2.0.0/gems/actionpack-4.0.1/lib/action_dispatch/middleware/templates/routes/_table.html.erb (1.2ms)
  Rendered /Users/Cole/.rbenv/versions/2.0.0-p247/lib/ruby/gems/2.0.0/gems/actionpack-4.0.1/lib/action_dispatch/middleware/templates/rescues/routing_error.erb within rescues/layout (18.9ms)


Started GET "/shared.html" for 127.0.0.1 at 2013-12-07 14:43:26 -0700

ActionController::RoutingError (No route matches [GET] "/shared.html"):
  actionpack (4.0.1) lib/action_dispatch/middleware/debug_exceptions.rb:21:in `call'
  actionpack (4.0.1) lib/action_dispatch/middleware/show_exceptions.rb:30:in `call'
  railties (4.0.1) lib/rails/rack/logger.rb:38:in `call_app'
  railties (4.0.1) lib/rails/rack/logger.rb:20:in `block in call'
  activesupport (4.0.1) lib/active_support/tagged_logging.rb:67:in `block in tagged'
  activesupport (4.0.1) lib/active_support/tagged_logging.rb:25:in `tagged'
  activesupport (4.0.1) lib/active_support/tagged_logging.rb:67:in `tagged'
  railties (4.0.1) lib/rails/rack/logger.rb:20:in `call'
  actionpack (4.0.1) lib/action_dispatch/middleware/request_id.rb:21:in `call'
  rack (1.5.2) lib/rack/methodoverride.rb:21:in `call'
  rack (1.5.2) lib/rack/runtime.rb:17:in `call'
  activesupport (4.0.1) lib/active_support/cache/strategy/local_cache.rb:83:in `call'
  rack (1.5.2) lib/rack/lock.rb:17:in `call'
  actionpack (4.0.1) lib/action_dispatch/middleware/static.rb:64:in `call'
  rack (1.5.2) lib/rack/sendfile.rb:112:in `call'
  railties (4.0.1) lib/rails/engine.rb:511:in `call'
  railties (4.0.1) lib/rails/application.rb:97:in `call'
  rack (1.5.2) lib/rack/lock.rb:17:in `call'
  rack (1.5.2) lib/rack/content_length.rb:14:in `call'
  rack (1.5.2) lib/rack/handler/webrick.rb:60:in `service'
  /Users/Cole/.rbenv/versions/2.0.0-p247/lib/ruby/2.0.0/webrick/httpserver.rb:138:in `service'
  /Users/Cole/.rbenv/versions/2.0.0-p247/lib/ruby/2.0.0/webrick/httpserver.rb:94:in `run'
  /Users/Cole/.rbenv/versions/2.0.0-p247/lib/ruby/2.0.0/webrick/server.rb:295:in `block in start_thread'


  Rendered /Users/Cole/.rbenv/versions/2.0.0-p247/lib/ruby/gems/2.0.0/gems/actionpack-4.0.1/lib/action_dispatch/middleware/templates/rescues/_trace.erb (1.6ms)
  Rendered /Users/Cole/.rbenv/versions/2.0.0-p247/lib/ruby/gems/2.0.0/gems/actionpack-4.0.1/lib/action_dispatch/middleware/templates/routes/_route.html.erb (0.7ms)
  Rendered /Users/Cole/.rbenv/versions/2.0.0-p247/lib/ruby/gems/2.0.0/gems/actionpack-4.0.1/lib/action_dispatch/middleware/templates/routes/_table.html.erb (0.9ms)
  Rendered /Users/Cole/.rbenv/versions/2.0.0-p247/lib/ruby/gems/2.0.0/gems/actionpack-4.0.1/lib/action_dispatch/middleware/templates/rescues/routing_error.erb within rescues/layout (16.4ms)


Started GET "/" for 127.0.0.1 at 2013-12-07 14:43:28 -0700
Processing by DropboxController#index as HTML
  Rendered dropbox/index.html within layouts/application (0.4ms)
Completed 200 OK in 11ms (Views: 10.6ms | ActiveRecord: 0.0ms)


Started GET "/stylesheets/application.css" for 127.0.0.1 at 2013-12-07 14:43:28 -0700

ActionController::RoutingError (No route matches [GET] "/stylesheets/application.css"):
  actionpack (4.0.1) lib/action_dispatch/middleware/debug_exceptions.rb:21:in `call'
  actionpack (4.0.1) lib/action_dispatch/middleware/show_exceptions.rb:30:in `call'
  railties (4.0.1) lib/rails/rack/logger.rb:38:in `call_app'
  railties (4.0.1) lib/rails/rack/logger.rb:20:in `block in call'
  activesupport (4.0.1) lib/active_support/tagged_logging.rb:67:in `block in tagged'
  activesupport (4.0.1) lib/active_support/tagged_logging.rb:25:in `tagged'
  activesupport (4.0.1) lib/active_support/tagged_logging.rb:67:in `tagged'
  railties (4.0.1) lib/rails/rack/logger.rb:20:in `call'
  actionpack (4.0.1) lib/action_dispatch/middleware/request_id.rb:21:in `call'
  rack (1.5.2) lib/rack/methodoverride.rb:21:in `call'
  rack (1.5.2) lib/rack/runtime.rb:17:in `call'
  activesupport (4.0.1) lib/active_support/cache/strategy/local_cache.rb:83:in `call'
  rack (1.5.2) lib/rack/lock.rb:17:in `call'
  actionpack (4.0.1) lib/action_dispatch/middleware/static.rb:64:in `call'
  rack (1.5.2) lib/rack/sendfile.rb:112:in `call'
  railties (4.0.1) lib/rails/engine.rb:511:in `call'
  railties (4.0.1) lib/rails/application.rb:97:in `call'
  rack (1.5.2) lib/rack/lock.rb:17:in `call'
  rack (1.5.2) lib/rack/content_length.rb:14:in `call'
  rack (1.5.2) lib/rack/handler/webrick.rb:60:in `service'
  /Users/Cole/.rbenv/versions/2.0.0-p247/lib/ruby/2.0.0/webrick/httpserver.rb:138:in `service'
  /Users/Cole/.rbenv/versions/2.0.0-p247/lib/ruby/2.0.0/webrick/httpserver.rb:94:in `run'
  /Users/Cole/.rbenv/versions/2.0.0-p247/lib/ruby/2.0.0/webrick/server.rb:295:in `block in start_thread'


  Rendered /Users/Cole/.rbenv/versions/2.0.0-p247/lib/ruby/gems/2.0.0/gems/actionpack-4.0.1/lib/action_dispatch/middleware/templates/rescues/_trace.erb (29.2ms)
  Rendered /Users/Cole/.rbenv/versions/2.0.0-p247/lib/ruby/gems/2.0.0/gems/actionpack-4.0.1/lib/action_dispatch/middleware/templates/routes/_route.html.erb (0.8ms)
  Rendered /Users/Cole/.rbenv/versions/2.0.0-p247/lib/ruby/gems/2.0.0/gems/actionpack-4.0.1/lib/action_dispatch/middleware/templates/routes/_table.html.erb (1.0ms)
  Rendered /Users/Cole/.rbenv/versions/2.0.0-p247/lib/ruby/gems/2.0.0/gems/actionpack-4.0.1/lib/action_dispatch/middleware/templates/rescues/routing_error.erb within rescues/layout (44.4ms)


Started GET "/assets/turbolinks.js?body=1" for 127.0.0.1 at 2013-12-07 14:43:28 -0700


Started GET "/assets/jquery_ujs.js?body=1" for 127.0.0.1 at 2013-12-07 14:43:28 -0700


Started GET "/assets/bootstrap.js?body=1" for 127.0.0.1 at 2013-12-07 14:43:28 -0700


Started GET "/assets/bootstrap.min.js?body=1" for 127.0.0.1 at 2013-12-07 14:43:28 -0700


Started GET "/assets/jquery.js?body=1" for 127.0.0.1 at 2013-12-07 14:43:28 -0700


Started GET "/assets/dropbox.js?body=1" for 127.0.0.1 at 2013-12-07 14:43:28 -0700


Started GET "/css/bootstrap.min.css" for 127.0.0.1 at 2013-12-07 14:43:28 -0700

ActionController::RoutingError (No route matches [GET] "/css/bootstrap.min.css"):
  actionpack (4.0.1) lib/action_dispatch/middleware/debug_exceptions.rb:21:in `call'
  actionpack (4.0.1) lib/action_dispatch/middleware/show_exceptions.rb:30:in `call'
  railties (4.0.1) lib/rails/rack/logger.rb:38:in `call_app'
  railties (4.0.1) lib/rails/rack/logger.rb:20:in `block in call'
  activesupport (4.0.1) lib/active_support/tagged_logging.rb:67:in `block in tagged'
  activesupport (4.0.1) lib/active_support/tagged_logging.rb:25:in `tagged'
  activesupport (4.0.1) lib/active_support/tagged_logging.rb:67:in `tagged'
  railties (4.0.1) lib/rails/rack/logger.rb:20:in `call'
  actionpack (4.0.1) lib/action_dispatch/middleware/request_id.rb:21:in `call'
  rack (1.5.2) lib/rack/methodoverride.rb:21:in `call'
  rack (1.5.2) lib/rack/runtime.rb:17:in `call'
  activesupport (4.0.1) lib/active_support/cache/strategy/local_cache.rb:83:in `call'
  rack (1.5.2) lib/rack/lock.rb:17:in `call'
  actionpack (4.0.1) lib/action_dispatch/middleware/static.rb:64:in `call'
  rack (1.5.2) lib/rack/sendfile.rb:112:in `call'
  railties (4.0.1) lib/rails/engine.rb:511:in `call'
  railties (4.0.1) lib/rails/application.rb:97:in `call'
  rack (1.5.2) lib/rack/lock.rb:17:in `call'
  rack (1.5.2) lib/rack/content_length.rb:14:in `call'
  rack (1.5.2) lib/rack/handler/webrick.rb:60:in `service'
  /Users/Cole/.rbenv/versions/2.0.0-p247/lib/ruby/2.0.0/webrick/httpserver.rb:138:in `service'
  /Users/Cole/.rbenv/versions/2.0.0-p247/lib/ruby/2.0.0/webrick/httpserver.rb:94:in `run'
  /Users/Cole/.rbenv/versions/2.0.0-p247/lib/ruby/2.0.0/webrick/server.rb:295:in `block in start_thread'


  Rendered /Users/Cole/.rbenv/versions/2.0.0-p247/lib/ruby/gems/2.0.0/gems/actionpack-4.0.1/lib/action_dispatch/middleware/templates/rescues/_trace.erb (1.8ms)
  Rendered /Users/Cole/.rbenv/versions/2.0.0-p247/lib/ruby/gems/2.0.0/gems/actionpack-4.0.1/lib/action_dispatch/middleware/templates/routes/_route.html.erb (0.9ms)
  Rendered /Users/Cole/.rbenv/versions/2.0.0-p247/lib/ruby/gems/2.0.0/gems/actionpack-4.0.1/lib/action_dispatch/middleware/templates/routes/_table.html.erb (1.0ms)
  Rendered /Users/Cole/.rbenv/versions/2.0.0-p247/lib/ruby/gems/2.0.0/gems/actionpack-4.0.1/lib/action_dispatch/middleware/templates/rescues/routing_error.erb within rescues/layout (20.7ms)


Started GET "/assets/application.js?body=1" for 127.0.0.1 at 2013-12-07 14:43:28 -0700


Started GET "/css/bootstrap-theme.min.css" for 127.0.0.1 at 2013-12-07 14:43:28 -0700

ActionController::RoutingError (No route matches [GET] "/css/bootstrap-theme.min.css"):
  actionpack (4.0.1) lib/action_dispatch/middleware/debug_exceptions.rb:21:in `call'
  actionpack (4.0.1) lib/action_dispatch/middleware/show_exceptions.rb:30:in `call'
  railties (4.0.1) lib/rails/rack/logger.rb:38:in `call_app'
  railties (4.0.1) lib/rails/rack/logger.rb:20:in `block in call'
  activesupport (4.0.1) lib/active_support/tagged_logging.rb:67:in `block in tagged'
  activesupport (4.0.1) lib/active_support/tagged_logging.rb:25:in `tagged'
  activesupport (4.0.1) lib/active_support/tagged_logging.rb:67:in `tagged'
  railties (4.0.1) lib/rails/rack/logger.rb:20:in `call'
  actionpack (4.0.1) lib/action_dispatch/middleware/request_id.rb:21:in `call'
  rack (1.5.2) lib/rack/methodoverride.rb:21:in `call'
  rack (1.5.2) lib/rack/runtime.rb:17:in `call'
  activesupport (4.0.1) lib/active_support/cache/strategy/local_cache.rb:83:in `call'
  rack (1.5.2) lib/rack/lock.rb:17:in `call'
  actionpack (4.0.1) lib/action_dispatch/middleware/static.rb:64:in `call'
  rack (1.5.2) lib/rack/sendfile.rb:112:in `call'
  railties (4.0.1) lib/rails/engine.rb:511:in `call'
  railties (4.0.1) lib/rails/application.rb:97:in `call'
  rack (1.5.2) lib/rack/lock.rb:17:in `call'
  rack (1.5.2) lib/rack/content_length.rb:14:in `call'
  rack (1.5.2) lib/rack/handler/webrick.rb:60:in `service'
  /Users/Cole/.rbenv/versions/2.0.0-p247/lib/ruby/2.0.0/webrick/httpserver.rb:138:in `service'
  /Users/Cole/.rbenv/versions/2.0.0-p247/lib/ruby/2.0.0/webrick/httpserver.rb:94:in `run'
  /Users/Cole/.rbenv/versions/2.0.0-p247/lib/ruby/2.0.0/webrick/server.rb:295:in `block in start_thread'


  Rendered /Users/Cole/.rbenv/versions/2.0.0-p247/lib/ruby/gems/2.0.0/gems/actionpack-4.0.1/lib/action_dispatch/middleware/templates/rescues/_trace.erb (1.0ms)
  Rendered /Users/Cole/.rbenv/versions/2.0.0-p247/lib/ruby/gems/2.0.0/gems/actionpack-4.0.1/lib/action_dispatch/middleware/templates/routes/_route.html.erb (0.7ms)
  Rendered /Users/Cole/.rbenv/versions/2.0.0-p247/lib/ruby/gems/2.0.0/gems/actionpack-4.0.1/lib/action_dispatch/middleware/templates/routes/_table.html.erb (0.9ms)
  Rendered /Users/Cole/.rbenv/versions/2.0.0-p247/lib/ruby/gems/2.0.0/gems/actionpack-4.0.1/lib/action_dispatch/middleware/templates/rescues/routing_error.erb within rescues/layout (16.7ms)


Started GET "/js/bootstrap.min.js" for 127.0.0.1 at 2013-12-07 14:43:28 -0700

ActionController::RoutingError (No route matches [GET] "/js/bootstrap.min.js"):
  actionpack (4.0.1) lib/action_dispatch/middleware/debug_exceptions.rb:21:in `call'
  actionpack (4.0.1) lib/action_dispatch/middleware/show_exceptions.rb:30:in `call'
  railties (4.0.1) lib/rails/rack/logger.rb:38:in `call_app'
  railties (4.0.1) lib/rails/rack/logger.rb:20:in `block in call'
  activesupport (4.0.1) lib/active_support/tagged_logging.rb:67:in `block in tagged'
  activesupport (4.0.1) lib/active_support/tagged_logging.rb:25:in `tagged'
  activesupport (4.0.1) lib/active_support/tagged_logging.rb:67:in `tagged'
  railties (4.0.1) lib/rails/rack/logger.rb:20:in `call'
  actionpack (4.0.1) lib/action_dispatch/middleware/request_id.rb:21:in `call'
  rack (1.5.2) lib/rack/methodoverride.rb:21:in `call'
  rack (1.5.2) lib/rack/runtime.rb:17:in `call'
  activesupport (4.0.1) lib/active_support/cache/strategy/local_cache.rb:83:in `call'
  rack (1.5.2) lib/rack/lock.rb:17:in `call'
  actionpack (4.0.1) lib/action_dispatch/middleware/static.rb:64:in `call'
  rack (1.5.2) lib/rack/sendfile.rb:112:in `call'
  railties (4.0.1) lib/rails/engine.rb:511:in `call'
  railties (4.0.1) lib/rails/application.rb:97:in `call'
  rack (1.5.2) lib/rack/lock.rb:17:in `call'
  rack (1.5.2) lib/rack/content_length.rb:14:in `call'
  rack (1.5.2) lib/rack/handler/webrick.rb:60:in `service'
  /Users/Cole/.rbenv/versions/2.0.0-p247/lib/ruby/2.0.0/webrick/httpserver.rb:138:in `service'
  /Users/Cole/.rbenv/versions/2.0.0-p247/lib/ruby/2.0.0/webrick/httpserver.rb:94:in `run'
  /Users/Cole/.rbenv/versions/2.0.0-p247/lib/ruby/2.0.0/webrick/server.rb:295:in `block in start_thread'


  Rendered /Users/Cole/.rbenv/versions/2.0.0-p247/lib/ruby/gems/2.0.0/gems/actionpack-4.0.1/lib/action_dispatch/middleware/templates/rescues/_trace.erb (1.1ms)
  Rendered /Users/Cole/.rbenv/versions/2.0.0-p247/lib/ruby/gems/2.0.0/gems/actionpack-4.0.1/lib/action_dispatch/middleware/templates/routes/_route.html.erb (0.7ms)
  Rendered /Users/Cole/.rbenv/versions/2.0.0-p247/lib/ruby/gems/2.0.0/gems/actionpack-4.0.1/lib/action_dispatch/middleware/templates/routes/_table.html.erb (0.9ms)
  Rendered /Users/Cole/.rbenv/versions/2.0.0-p247/lib/ruby/gems/2.0.0/gems/actionpack-4.0.1/lib/action_dispatch/middleware/templates/rescues/routing_error.erb within rescues/layout (16.6ms)


Started GET "/" for 127.0.0.1 at 2013-12-07 14:43:28 -0700
Processing by DropboxController#index as HTML
  Rendered dropbox/index.html within layouts/application (0.1ms)
Completed 200 OK in 12ms (Views: 10.8ms | ActiveRecord: 0.0ms)


Started GET "/stylesheets/application.css" for 127.0.0.1 at 2013-12-07 14:43:28 -0700

ActionController::RoutingError (No route matches [GET] "/stylesheets/application.css"):
  actionpack (4.0.1) lib/action_dispatch/middleware/debug_exceptions.rb:21:in `call'
  actionpack (4.0.1) lib/action_dispatch/middleware/show_exceptions.rb:30:in `call'
  railties (4.0.1) lib/rails/rack/logger.rb:38:in `call_app'
  railties (4.0.1) lib/rails/rack/logger.rb:20:in `block in call'
  activesupport (4.0.1) lib/active_support/tagged_logging.rb:67:in `block in tagged'
  activesupport (4.0.1) lib/active_support/tagged_logging.rb:25:in `tagged'
  activesupport (4.0.1) lib/active_support/tagged_logging.rb:67:in `tagged'
  railties (4.0.1) lib/rails/rack/logger.rb:20:in `call'
  actionpack (4.0.1) lib/action_dispatch/middleware/request_id.rb:21:in `call'
  rack (1.5.2) lib/rack/methodoverride.rb:21:in `call'
  rack (1.5.2) lib/rack/runtime.rb:17:in `call'
  activesupport (4.0.1) lib/active_support/cache/strategy/local_cache.rb:83:in `call'
  rack (1.5.2) lib/rack/lock.rb:17:in `call'
  actionpack (4.0.1) lib/action_dispatch/middleware/static.rb:64:in `call'
  rack (1.5.2) lib/rack/sendfile.rb:112:in `call'
  railties (4.0.1) lib/rails/engine.rb:511:in `call'
  railties (4.0.1) lib/rails/application.rb:97:in `call'
  rack (1.5.2) lib/rack/lock.rb:17:in `call'
  rack (1.5.2) lib/rack/content_length.rb:14:in `call'
  rack (1.5.2) lib/rack/handler/webrick.rb:60:in `service'
  /Users/Cole/.rbenv/versions/2.0.0-p247/lib/ruby/2.0.0/webrick/httpserver.rb:138:in `service'
  /Users/Cole/.rbenv/versions/2.0.0-p247/lib/ruby/2.0.0/webrick/httpserver.rb:94:in `run'
  /Users/Cole/.rbenv/versions/2.0.0-p247/lib/ruby/2.0.0/webrick/server.rb:295:in `block in start_thread'


  Rendered /Users/Cole/.rbenv/versions/2.0.0-p247/lib/ruby/gems/2.0.0/gems/actionpack-4.0.1/lib/action_dispatch/middleware/templates/rescues/_trace.erb (1.6ms)
  Rendered /Users/Cole/.rbenv/versions/2.0.0-p247/lib/ruby/gems/2.0.0/gems/actionpack-4.0.1/lib/action_dispatch/middleware/templates/routes/_route.html.erb (0.8ms)
  Rendered /Users/Cole/.rbenv/versions/2.0.0-p247/lib/ruby/gems/2.0.0/gems/actionpack-4.0.1/lib/action_dispatch/middleware/templates/routes/_table.html.erb (1.1ms)
  Rendered /Users/Cole/.rbenv/versions/2.0.0-p247/lib/ruby/gems/2.0.0/gems/actionpack-4.0.1/lib/action_dispatch/middleware/templates/rescues/routing_error.erb within rescues/layout (18.9ms)


Started GET "/assets/turbolinks.js?body=1" for 127.0.0.1 at 2013-12-07 14:43:28 -0700


Started GET "/assets/jquery.js?body=1" for 127.0.0.1 at 2013-12-07 14:43:28 -0700


Started GET "/assets/bootstrap.min.js?body=1" for 127.0.0.1 at 2013-12-07 14:43:28 -0700


Started GET "/assets/jquery_ujs.js?body=1" for 127.0.0.1 at 2013-12-07 14:43:28 -0700


Started GET "/assets/bootstrap.js?body=1" for 127.0.0.1 at 2013-12-07 14:43:28 -0700


Started GET "/assets/dropbox.js?body=1" for 127.0.0.1 at 2013-12-07 14:43:28 -0700


Started GET "/assets/application.js?body=1" for 127.0.0.1 at 2013-12-07 14:43:28 -0700


Started GET "/css/bootstrap.min.css" for 127.0.0.1 at 2013-12-07 14:43:28 -0700

ActionController::RoutingError (No route matches [GET] "/css/bootstrap.min.css"):
  actionpack (4.0.1) lib/action_dispatch/middleware/debug_exceptions.rb:21:in `call'
  actionpack (4.0.1) lib/action_dispatch/middleware/show_exceptions.rb:30:in `call'
  railties (4.0.1) lib/rails/rack/logger.rb:38:in `call_app'
  railties (4.0.1) lib/rails/rack/logger.rb:20:in `block in call'
  activesupport (4.0.1) lib/active_support/tagged_logging.rb:67:in `block in tagged'
  activesupport (4.0.1) lib/active_support/tagged_logging.rb:25:in `tagged'
  activesupport (4.0.1) lib/active_support/tagged_logging.rb:67:in `tagged'
  railties (4.0.1) lib/rails/rack/logger.rb:20:in `call'
  actionpack (4.0.1) lib/action_dispatch/middleware/request_id.rb:21:in `call'
  rack (1.5.2) lib/rack/methodoverride.rb:21:in `call'
  rack (1.5.2) lib/rack/runtime.rb:17:in `call'
  activesupport (4.0.1) lib/active_support/cache/strategy/local_cache.rb:83:in `call'
  rack (1.5.2) lib/rack/lock.rb:17:in `call'
  actionpack (4.0.1) lib/action_dispatch/middleware/static.rb:64:in `call'
  rack (1.5.2) lib/rack/sendfile.rb:112:in `call'
  railties (4.0.1) lib/rails/engine.rb:511:in `call'
  railties (4.0.1) lib/rails/application.rb:97:in `call'
  rack (1.5.2) lib/rack/lock.rb:17:in `call'
  rack (1.5.2) lib/rack/content_length.rb:14:in `call'
  rack (1.5.2) lib/rack/handler/webrick.rb:60:in `service'
  /Users/Cole/.rbenv/versions/2.0.0-p247/lib/ruby/2.0.0/webrick/httpserver.rb:138:in `service'
  /Users/Cole/.rbenv/versions/2.0.0-p247/lib/ruby/2.0.0/webrick/httpserver.rb:94:in `run'
  /Users/Cole/.rbenv/versions/2.0.0-p247/lib/ruby/2.0.0/webrick/server.rb:295:in `block in start_thread'


  Rendered /Users/Cole/.rbenv/versions/2.0.0-p247/lib/ruby/gems/2.0.0/gems/actionpack-4.0.1/lib/action_dispatch/middleware/templates/rescues/_trace.erb (1.1ms)
  Rendered /Users/Cole/.rbenv/versions/2.0.0-p247/lib/ruby/gems/2.0.0/gems/actionpack-4.0.1/lib/action_dispatch/middleware/templates/routes/_route.html.erb (0.8ms)
  Rendered /Users/Cole/.rbenv/versions/2.0.0-p247/lib/ruby/gems/2.0.0/gems/actionpack-4.0.1/lib/action_dispatch/middleware/templates/routes/_table.html.erb (1.5ms)
  Rendered /Users/Cole/.rbenv/versions/2.0.0-p247/lib/ruby/gems/2.0.0/gems/actionpack-4.0.1/lib/action_dispatch/middleware/templates/rescues/routing_error.erb within rescues/layout (18.6ms)


Started GET "/css/bootstrap-theme.min.css" for 127.0.0.1 at 2013-12-07 14:43:28 -0700

ActionController::RoutingError (No route matches [GET] "/css/bootstrap-theme.min.css"):
  actionpack (4.0.1) lib/action_dispatch/middleware/debug_exceptions.rb:21:in `call'
  actionpack (4.0.1) lib/action_dispatch/middleware/show_exceptions.rb:30:in `call'
  railties (4.0.1) lib/rails/rack/logger.rb:38:in `call_app'
  railties (4.0.1) lib/rails/rack/logger.rb:20:in `block in call'
  activesupport (4.0.1) lib/active_support/tagged_logging.rb:67:in `block in tagged'
  activesupport (4.0.1) lib/active_support/tagged_logging.rb:25:in `tagged'
  activesupport (4.0.1) lib/active_support/tagged_logging.rb:67:in `tagged'
  railties (4.0.1) lib/rails/rack/logger.rb:20:in `call'
  actionpack (4.0.1) lib/action_dispatch/middleware/request_id.rb:21:in `call'
  rack (1.5.2) lib/rack/methodoverride.rb:21:in `call'
  rack (1.5.2) lib/rack/runtime.rb:17:in `call'
  activesupport (4.0.1) lib/active_support/cache/strategy/local_cache.rb:83:in `call'
  rack (1.5.2) lib/rack/lock.rb:17:in `call'
  actionpack (4.0.1) lib/action_dispatch/middleware/static.rb:64:in `call'
  rack (1.5.2) lib/rack/sendfile.rb:112:in `call'
  railties (4.0.1) lib/rails/engine.rb:511:in `call'
  railties (4.0.1) lib/rails/application.rb:97:in `call'
  rack (1.5.2) lib/rack/lock.rb:17:in `call'
  rack (1.5.2) lib/rack/content_length.rb:14:in `call'
  rack (1.5.2) lib/rack/handler/webrick.rb:60:in `service'
  /Users/Cole/.rbenv/versions/2.0.0-p247/lib/ruby/2.0.0/webrick/httpserver.rb:138:in `service'
  /Users/Cole/.rbenv/versions/2.0.0-p247/lib/ruby/2.0.0/webrick/httpserver.rb:94:in `run'
  /Users/Cole/.rbenv/versions/2.0.0-p247/lib/ruby/2.0.0/webrick/server.rb:295:in `block in start_thread'


  Rendered /Users/Cole/.rbenv/versions/2.0.0-p247/lib/ruby/gems/2.0.0/gems/actionpack-4.0.1/lib/action_dispatch/middleware/templates/rescues/_trace.erb (1.3ms)
  Rendered /Users/Cole/.rbenv/versions/2.0.0-p247/lib/ruby/gems/2.0.0/gems/actionpack-4.0.1/lib/action_dispatch/middleware/templates/routes/_route.html.erb (0.7ms)
  Rendered /Users/Cole/.rbenv/versions/2.0.0-p247/lib/ruby/gems/2.0.0/gems/actionpack-4.0.1/lib/action_dispatch/middleware/templates/routes/_table.html.erb (1.0ms)
  Rendered /Users/Cole/.rbenv/versions/2.0.0-p247/lib/ruby/gems/2.0.0/gems/actionpack-4.0.1/lib/action_dispatch/middleware/templates/rescues/routing_error.erb within rescues/layout (16.5ms)


Started GET "/js/bootstrap.min.js" for 127.0.0.1 at 2013-12-07 14:43:28 -0700

ActionController::RoutingError (No route matches [GET] "/js/bootstrap.min.js"):
  actionpack (4.0.1) lib/action_dispatch/middleware/debug_exceptions.rb:21:in `call'
  actionpack (4.0.1) lib/action_dispatch/middleware/show_exceptions.rb:30:in `call'
  railties (4.0.1) lib/rails/rack/logger.rb:38:in `call_app'
  railties (4.0.1) lib/rails/rack/logger.rb:20:in `block in call'
  activesupport (4.0.1) lib/active_support/tagged_logging.rb:67:in `block in tagged'
  activesupport (4.0.1) lib/active_support/tagged_logging.rb:25:in `tagged'
  activesupport (4.0.1) lib/active_support/tagged_logging.rb:67:in `tagged'
  railties (4.0.1) lib/rails/rack/logger.rb:20:in `call'
  actionpack (4.0.1) lib/action_dispatch/middleware/request_id.rb:21:in `call'
  rack (1.5.2) lib/rack/methodoverride.rb:21:in `call'
  rack (1.5.2) lib/rack/runtime.rb:17:in `call'
  activesupport (4.0.1) lib/active_support/cache/strategy/local_cache.rb:83:in `call'
  rack (1.5.2) lib/rack/lock.rb:17:in `call'
  actionpack (4.0.1) lib/action_dispatch/middleware/static.rb:64:in `call'
  rack (1.5.2) lib/rack/sendfile.rb:112:in `call'
  railties (4.0.1) lib/rails/engine.rb:511:in `call'
  railties (4.0.1) lib/rails/application.rb:97:in `call'
  rack (1.5.2) lib/rack/lock.rb:17:in `call'
  rack (1.5.2) lib/rack/content_length.rb:14:in `call'
  rack (1.5.2) lib/rack/handler/webrick.rb:60:in `service'
  /Users/Cole/.rbenv/versions/2.0.0-p247/lib/ruby/2.0.0/webrick/httpserver.rb:138:in `service'
  /Users/Cole/.rbenv/versions/2.0.0-p247/lib/ruby/2.0.0/webrick/httpserver.rb:94:in `run'
  /Users/Cole/.rbenv/versions/2.0.0-p247/lib/ruby/2.0.0/webrick/server.rb:295:in `block in start_thread'


  Rendered /Users/Cole/.rbenv/versions/2.0.0-p247/lib/ruby/gems/2.0.0/gems/actionpack-4.0.1/lib/action_dispatch/middleware/templates/rescues/_trace.erb (0.9ms)
  Rendered /Users/Cole/.rbenv/versions/2.0.0-p247/lib/ruby/gems/2.0.0/gems/actionpack-4.0.1/lib/action_dispatch/middleware/templates/routes/_route.html.erb (0.9ms)
  Rendered /Users/Cole/.rbenv/versions/2.0.0-p247/lib/ruby/gems/2.0.0/gems/actionpack-4.0.1/lib/action_dispatch/middleware/templates/routes/_table.html.erb (1.0ms)
  Rendered /Users/Cole/.rbenv/versions/2.0.0-p247/lib/ruby/gems/2.0.0/gems/actionpack-4.0.1/lib/action_dispatch/middleware/templates/rescues/routing_error.erb within rescues/layout (16.1ms)


Started GET "/signin.html" for 127.0.0.1 at 2013-12-07 14:43:30 -0700

ActionController::RoutingError (No route matches [GET] "/signin.html"):
  actionpack (4.0.1) lib/action_dispatch/middleware/debug_exceptions.rb:21:in `call'
  actionpack (4.0.1) lib/action_dispatch/middleware/show_exceptions.rb:30:in `call'
  railties (4.0.1) lib/rails/rack/logger.rb:38:in `call_app'
  railties (4.0.1) lib/rails/rack/logger.rb:20:in `block in call'
  activesupport (4.0.1) lib/active_support/tagged_logging.rb:67:in `block in tagged'
  activesupport (4.0.1) lib/active_support/tagged_logging.rb:25:in `tagged'
  activesupport (4.0.1) lib/active_support/tagged_logging.rb:67:in `tagged'
  railties (4.0.1) lib/rails/rack/logger.rb:20:in `call'
  actionpack (4.0.1) lib/action_dispatch/middleware/request_id.rb:21:in `call'
  rack (1.5.2) lib/rack/methodoverride.rb:21:in `call'
  rack (1.5.2) lib/rack/runtime.rb:17:in `call'
  activesupport (4.0.1) lib/active_support/cache/strategy/local_cache.rb:83:in `call'
  rack (1.5.2) lib/rack/lock.rb:17:in `call'
  actionpack (4.0.1) lib/action_dispatch/middleware/static.rb:64:in `call'
  rack (1.5.2) lib/rack/sendfile.rb:112:in `call'
  railties (4.0.1) lib/rails/engine.rb:511:in `call'
  railties (4.0.1) lib/rails/application.rb:97:in `call'
  rack (1.5.2) lib/rack/lock.rb:17:in `call'
  rack (1.5.2) lib/rack/content_length.rb:14:in `call'
  rack (1.5.2) lib/rack/handler/webrick.rb:60:in `service'
  /Users/Cole/.rbenv/versions/2.0.0-p247/lib/ruby/2.0.0/webrick/httpserver.rb:138:in `service'
  /Users/Cole/.rbenv/versions/2.0.0-p247/lib/ruby/2.0.0/webrick/httpserver.rb:94:in `run'
  /Users/Cole/.rbenv/versions/2.0.0-p247/lib/ruby/2.0.0/webrick/server.rb:295:in `block in start_thread'


  Rendered /Users/Cole/.rbenv/versions/2.0.0-p247/lib/ruby/gems/2.0.0/gems/actionpack-4.0.1/lib/action_dispatch/middleware/templates/rescues/_trace.erb (1.1ms)
  Rendered /Users/Cole/.rbenv/versions/2.0.0-p247/lib/ruby/gems/2.0.0/gems/actionpack-4.0.1/lib/action_dispatch/middleware/templates/routes/_route.html.erb (0.7ms)
  Rendered /Users/Cole/.rbenv/versions/2.0.0-p247/lib/ruby/gems/2.0.0/gems/actionpack-4.0.1/lib/action_dispatch/middleware/templates/routes/_table.html.erb (1.0ms)
  Rendered /Users/Cole/.rbenv/versions/2.0.0-p247/lib/ruby/gems/2.0.0/gems/actionpack-4.0.1/lib/action_dispatch/middleware/templates/rescues/routing_error.erb within rescues/layout (16.4ms)


Started GET "/signin.html" for 127.0.0.1 at 2013-12-07 14:43:30 -0700

ActionController::RoutingError (No route matches [GET] "/signin.html"):
  actionpack (4.0.1) lib/action_dispatch/middleware/debug_exceptions.rb:21:in `call'
  actionpack (4.0.1) lib/action_dispatch/middleware/show_exceptions.rb:30:in `call'
  railties (4.0.1) lib/rails/rack/logger.rb:38:in `call_app'
  railties (4.0.1) lib/rails/rack/logger.rb:20:in `block in call'
  activesupport (4.0.1) lib/active_support/tagged_logging.rb:67:in `block in tagged'
  activesupport (4.0.1) lib/active_support/tagged_logging.rb:25:in `tagged'
  activesupport (4.0.1) lib/active_support/tagged_logging.rb:67:in `tagged'
  railties (4.0.1) lib/rails/rack/logger.rb:20:in `call'
  actionpack (4.0.1) lib/action_dispatch/middleware/request_id.rb:21:in `call'
  rack (1.5.2) lib/rack/methodoverride.rb:21:in `call'
  rack (1.5.2) lib/rack/runtime.rb:17:in `call'
  activesupport (4.0.1) lib/active_support/cache/strategy/local_cache.rb:83:in `call'
  rack (1.5.2) lib/rack/lock.rb:17:in `call'
  actionpack (4.0.1) lib/action_dispatch/middleware/static.rb:64:in `call'
  rack (1.5.2) lib/rack/sendfile.rb:112:in `call'
  railties (4.0.1) lib/rails/engine.rb:511:in `call'
  railties (4.0.1) lib/rails/application.rb:97:in `call'
  rack (1.5.2) lib/rack/lock.rb:17:in `call'
  rack (1.5.2) lib/rack/content_length.rb:14:in `call'
  rack (1.5.2) lib/rack/handler/webrick.rb:60:in `service'
  /Users/Cole/.rbenv/versions/2.0.0-p247/lib/ruby/2.0.0/webrick/httpserver.rb:138:in `service'
  /Users/Cole/.rbenv/versions/2.0.0-p247/lib/ruby/2.0.0/webrick/httpserver.rb:94:in `run'
  /Users/Cole/.rbenv/versions/2.0.0-p247/lib/ruby/2.0.0/webrick/server.rb:295:in `block in start_thread'


  Rendered /Users/Cole/.rbenv/versions/2.0.0-p247/lib/ruby/gems/2.0.0/gems/actionpack-4.0.1/lib/action_dispatch/middleware/templates/rescues/_trace.erb (1.0ms)
  Rendered /Users/Cole/.rbenv/versions/2.0.0-p247/lib/ruby/gems/2.0.0/gems/actionpack-4.0.1/lib/action_dispatch/middleware/templates/routes/_route.html.erb (0.8ms)
  Rendered /Users/Cole/.rbenv/versions/2.0.0-p247/lib/ruby/gems/2.0.0/gems/actionpack-4.0.1/lib/action_dispatch/middleware/templates/routes/_table.html.erb (1.0ms)
  Rendered /Users/Cole/.rbenv/versions/2.0.0-p247/lib/ruby/gems/2.0.0/gems/actionpack-4.0.1/lib/action_dispatch/middleware/templates/rescues/routing_error.erb within rescues/layout (15.9ms)
